ERROR - 2024-10-23 09:25:58 --> Error connecting to the database: mysqli_sql_exception: No connection could be made because the target machine actively refused it in C:\Users\reuvi\Desktop\ThriftStore\Thrift_Store\system\Database\MySQLi\Connection.php:186
Stack trace:
#0 C:\Users\reuvi\Desktop\ThriftStore\Thrift_Store\system\Database\MySQLi\Connection.php(186): mysqli->real_connect('localhost', 'root', Object(SensitiveParameterValue), 'thrift_store', 3306, '', 0)
#1 C:\Users\reuvi\Desktop\ThriftStore\Thrift_Store\system\Database\BaseConnection.php(421): CodeIgniter\Database\MySQLi\Connection->connect(false)
#2 C:\Users\reuvi\Desktop\ThriftStore\Thrift_Store\system\Database\BaseConnection.php(616): CodeIgniter\Database\BaseConnection->initialize()
#3 C:\Users\reuvi\Desktop\ThriftStore\Thrift_Store\system\Database\BaseBuilder.php(1644): CodeIgniter\Database\BaseConnection->query('SELECT *\nFROM `...', Array, false)
#4 C:\Users\reuvi\Desktop\ThriftStore\Thrift_Store\system\Model.php(286): CodeIgniter\Database\BaseBuilder->get()
#5 C:\Users\reuvi\Desktop\ThriftStore\Thrift_Store\system\BaseModel.php(676): CodeIgniter\Model->doFindAll(0, 0)
#6 C:\Users\reuvi\Desktop\ThriftStore\Thrift_Store\app\Controllers\ItemsController.php(15): CodeIgniter\BaseModel->findAll()
#7 C:\Users\reuvi\Desktop\ThriftStore\Thrift_Store\system\CodeIgniter.php(933): App\Controllers\ItemsController->index()
#8 C:\Users\reuvi\Desktop\ThriftStore\Thrift_Store\system\CodeIgniter.php(509): CodeIgniter\CodeIgniter->runController(Object(App\Controllers\ItemsController))
#9 C:\Users\reuvi\Desktop\ThriftStore\Thrift_Store\system\CodeIgniter.php(355): CodeIgniter\CodeIgniter->handleRequest(NULL, Object(Config\Cache), false)
#10 C:\Users\reuvi\Desktop\ThriftStore\Thrift_Store\system\Boot.php(325): CodeIgniter\CodeIgniter->run()
#11 C:\Users\reuvi\Desktop\ThriftStore\Thrift_Store\system\Boot.php(67): CodeIgniter\Boot::runCodeIgniter(Object(CodeIgniter\CodeIgniter))
#12 C:\Users\reuvi\Desktop\ThriftStore\Thrift_Store\public\index.php(56): CodeIgniter\Boot::bootWeb(Object(Config\Paths))
#13 C:\Users\reuvi\Desktop\ThriftStore\Thrift_Store\system\rewrite.php(44): require_once('C:\\Users\\reuvi\\...')
#14 {main}

Next CodeIgniter\Database\Exceptions\DatabaseException: No connection could be made because the target machine actively refused it in C:\Users\reuvi\Desktop\ThriftStore\Thrift_Store\system\Database\MySQLi\Connection.php:231
Stack trace:
#0 C:\Users\reuvi\Desktop\ThriftStore\Thrift_Store\system\Database\BaseConnection.php(421): CodeIgniter\Database\MySQLi\Connection->connect(false)
#1 C:\Users\reuvi\Desktop\ThriftStore\Thrift_Store\system\Database\BaseConnection.php(616): CodeIgniter\Database\BaseConnection->initialize()
#2 C:\Users\reuvi\Desktop\ThriftStore\Thrift_Store\system\Database\BaseBuilder.php(1644): CodeIgniter\Database\BaseConnection->query('SELECT *\nFROM `...', Array, false)
#3 C:\Users\reuvi\Desktop\ThriftStore\Thrift_Store\system\Model.php(286): CodeIgniter\Database\BaseBuilder->get()
#4 C:\Users\reuvi\Desktop\ThriftStore\Thrift_Store\system\BaseModel.php(676): CodeIgniter\Model->doFindAll(0, 0)
#5 C:\Users\reuvi\Desktop\ThriftStore\Thrift_Store\app\Controllers\ItemsController.php(15): CodeIgniter\BaseModel->findAll()
#6 C:\Users\reuvi\Desktop\ThriftStore\Thrift_Store\system\CodeIgniter.php(933): App\Controllers\ItemsController->index()
#7 C:\Users\reuvi\Desktop\ThriftStore\Thrift_Store\system\CodeIgniter.php(509): CodeIgniter\CodeIgniter->runController(Object(App\Controllers\ItemsController))
#8 C:\Users\reuvi\Desktop\ThriftStore\Thrift_Store\system\CodeIgniter.php(355): CodeIgniter\CodeIgniter->handleRequest(NULL, Object(Config\Cache), false)
#9 C:\Users\reuvi\Desktop\ThriftStore\Thrift_Store\system\Boot.php(325): CodeIgniter\CodeIgniter->run()
#10 C:\Users\reuvi\Desktop\ThriftStore\Thrift_Store\system\Boot.php(67): CodeIgniter\Boot::runCodeIgniter(Object(CodeIgniter\CodeIgniter))
#11 C:\Users\reuvi\Desktop\ThriftStore\Thrift_Store\public\index.php(56): CodeIgniter\Boot::bootWeb(Object(Config\Paths))
#12 C:\Users\reuvi\Desktop\ThriftStore\Thrift_Store\system\rewrite.php(44): require_once('C:\\Users\\reuvi\\...')
#13 {main}
CRITICAL - 2024-10-23 09:25:58 --> CodeIgniter\Database\Exceptions\DatabaseException: Unable to connect to the database.
Main connection [MySQLi]: No connection could be made because the target machine actively refused it
[Method: GET, Route: items]
in SYSTEMPATH\Database\BaseConnection.php on line 467.
 1 SYSTEMPATH\Database\BaseConnection.php(616): CodeIgniter\Database\BaseConnection->initialize()
 2 SYSTEMPATH\Database\BaseBuilder.php(1644): CodeIgniter\Database\BaseConnection->query('SELECT *
FROM `items`', [], false)
 3 SYSTEMPATH\Model.php(286): CodeIgniter\Database\BaseBuilder->get()
 4 SYSTEMPATH\BaseModel.php(676): CodeIgniter\Model->doFindAll(0, 0)
 5 APPPATH\Controllers\ItemsController.php(15): CodeIgniter\BaseModel->findAll()
 6 SYSTEMPATH\CodeIgniter.php(933): App\Controllers\ItemsController->index()
 7 SYSTEMPATH\CodeIgniter.php(509): CodeIgniter\CodeIgniter->runController(Object(App\Controllers\ItemsController))
 8 SYSTEMPATH\CodeIgniter.php(355): CodeIgniter\CodeIgniter->handleRequest(null, Object(Config\Cache), false)
 9 SYSTEMPATH\Boot.php(325): CodeIgniter\CodeIgniter->run()
10 SYSTEMPATH\Boot.php(67): CodeIgniter\Boot::runCodeIgniter(Object(CodeIgniter\CodeIgniter))
11 FCPATH\index.php(56): CodeIgniter\Boot::bootWeb(Object(Config\Paths))
12 SYSTEMPATH\rewrite.php(44): require_once('C:\\Users\\reuvi\\Desktop\\ThriftStore\\Thrift_Store\\public\\index.php')
ERROR - 2024-10-23 09:26:02 --> Error connecting to the database: mysqli_sql_exception: No connection could be made because the target machine actively refused it in C:\Users\reuvi\Desktop\ThriftStore\Thrift_Store\system\Database\MySQLi\Connection.php:186
Stack trace:
#0 C:\Users\reuvi\Desktop\ThriftStore\Thrift_Store\system\Database\MySQLi\Connection.php(186): mysqli->real_connect('localhost', 'root', Object(SensitiveParameterValue), 'thrift_store', 3306, '', 0)
#1 C:\Users\reuvi\Desktop\ThriftStore\Thrift_Store\system\Database\BaseConnection.php(421): CodeIgniter\Database\MySQLi\Connection->connect(false)
#2 C:\Users\reuvi\Desktop\ThriftStore\Thrift_Store\system\Database\BaseConnection.php(616): CodeIgniter\Database\BaseConnection->initialize()
#3 C:\Users\reuvi\Desktop\ThriftStore\Thrift_Store\system\Database\BaseBuilder.php(1644): CodeIgniter\Database\BaseConnection->query('SELECT *\nFROM `...', Array, false)
#4 C:\Users\reuvi\Desktop\ThriftStore\Thrift_Store\system\Model.php(286): CodeIgniter\Database\BaseBuilder->get()
#5 C:\Users\reuvi\Desktop\ThriftStore\Thrift_Store\system\BaseModel.php(676): CodeIgniter\Model->doFindAll(0, 0)
#6 C:\Users\reuvi\Desktop\ThriftStore\Thrift_Store\app\Controllers\ItemsController.php(15): CodeIgniter\BaseModel->findAll()
#7 C:\Users\reuvi\Desktop\ThriftStore\Thrift_Store\system\CodeIgniter.php(933): App\Controllers\ItemsController->index()
#8 C:\Users\reuvi\Desktop\ThriftStore\Thrift_Store\system\CodeIgniter.php(509): CodeIgniter\CodeIgniter->runController(Object(App\Controllers\ItemsController))
#9 C:\Users\reuvi\Desktop\ThriftStore\Thrift_Store\system\CodeIgniter.php(355): CodeIgniter\CodeIgniter->handleRequest(NULL, Object(Config\Cache), false)
#10 C:\Users\reuvi\Desktop\ThriftStore\Thrift_Store\system\Boot.php(325): CodeIgniter\CodeIgniter->run()
#11 C:\Users\reuvi\Desktop\ThriftStore\Thrift_Store\system\Boot.php(67): CodeIgniter\Boot::runCodeIgniter(Object(CodeIgniter\CodeIgniter))
#12 C:\Users\reuvi\Desktop\ThriftStore\Thrift_Store\public\index.php(56): CodeIgniter\Boot::bootWeb(Object(Config\Paths))
#13 C:\Users\reuvi\Desktop\ThriftStore\Thrift_Store\system\rewrite.php(44): require_once('C:\\Users\\reuvi\\...')
#14 {main}

Next CodeIgniter\Database\Exceptions\DatabaseException: No connection could be made because the target machine actively refused it in C:\Users\reuvi\Desktop\ThriftStore\Thrift_Store\system\Database\MySQLi\Connection.php:231
Stack trace:
#0 C:\Users\reuvi\Desktop\ThriftStore\Thrift_Store\system\Database\BaseConnection.php(421): CodeIgniter\Database\MySQLi\Connection->connect(false)
#1 C:\Users\reuvi\Desktop\ThriftStore\Thrift_Store\system\Database\BaseConnection.php(616): CodeIgniter\Database\BaseConnection->initialize()
#2 C:\Users\reuvi\Desktop\ThriftStore\Thrift_Store\system\Database\BaseBuilder.php(1644): CodeIgniter\Database\BaseConnection->query('SELECT *\nFROM `...', Array, false)
#3 C:\Users\reuvi\Desktop\ThriftStore\Thrift_Store\system\Model.php(286): CodeIgniter\Database\BaseBuilder->get()
#4 C:\Users\reuvi\Desktop\ThriftStore\Thrift_Store\system\BaseModel.php(676): CodeIgniter\Model->doFindAll(0, 0)
#5 C:\Users\reuvi\Desktop\ThriftStore\Thrift_Store\app\Controllers\ItemsController.php(15): CodeIgniter\BaseModel->findAll()
#6 C:\Users\reuvi\Desktop\ThriftStore\Thrift_Store\system\CodeIgniter.php(933): App\Controllers\ItemsController->index()
#7 C:\Users\reuvi\Desktop\ThriftStore\Thrift_Store\system\CodeIgniter.php(509): CodeIgniter\CodeIgniter->runController(Object(App\Controllers\ItemsController))
#8 C:\Users\reuvi\Desktop\ThriftStore\Thrift_Store\system\CodeIgniter.php(355): CodeIgniter\CodeIgniter->handleRequest(NULL, Object(Config\Cache), false)
#9 C:\Users\reuvi\Desktop\ThriftStore\Thrift_Store\system\Boot.php(325): CodeIgniter\CodeIgniter->run()
#10 C:\Users\reuvi\Desktop\ThriftStore\Thrift_Store\system\Boot.php(67): CodeIgniter\Boot::runCodeIgniter(Object(CodeIgniter\CodeIgniter))
#11 C:\Users\reuvi\Desktop\ThriftStore\Thrift_Store\public\index.php(56): CodeIgniter\Boot::bootWeb(Object(Config\Paths))
#12 C:\Users\reuvi\Desktop\ThriftStore\Thrift_Store\system\rewrite.php(44): require_once('C:\\Users\\reuvi\\...')
#13 {main}
CRITICAL - 2024-10-23 09:26:02 --> CodeIgniter\Database\Exceptions\DatabaseException: Unable to connect to the database.
Main connection [MySQLi]: No connection could be made because the target machine actively refused it
[Method: GET, Route: items]
in SYSTEMPATH\Database\BaseConnection.php on line 467.
 1 SYSTEMPATH\Database\BaseConnection.php(616): CodeIgniter\Database\BaseConnection->initialize()
 2 SYSTEMPATH\Database\BaseBuilder.php(1644): CodeIgniter\Database\BaseConnection->query('SELECT *
FROM `items`', [], false)
 3 SYSTEMPATH\Model.php(286): CodeIgniter\Database\BaseBuilder->get()
 4 SYSTEMPATH\BaseModel.php(676): CodeIgniter\Model->doFindAll(0, 0)
 5 APPPATH\Controllers\ItemsController.php(15): CodeIgniter\BaseModel->findAll()
 6 SYSTEMPATH\CodeIgniter.php(933): App\Controllers\ItemsController->index()
 7 SYSTEMPATH\CodeIgniter.php(509): CodeIgniter\CodeIgniter->runController(Object(App\Controllers\ItemsController))
 8 SYSTEMPATH\CodeIgniter.php(355): CodeIgniter\CodeIgniter->handleRequest(null, Object(Config\Cache), false)
 9 SYSTEMPATH\Boot.php(325): CodeIgniter\CodeIgniter->run()
10 SYSTEMPATH\Boot.php(67): CodeIgniter\Boot::runCodeIgniter(Object(CodeIgniter\CodeIgniter))
11 FCPATH\index.php(56): CodeIgniter\Boot::bootWeb(Object(Config\Paths))
12 SYSTEMPATH\rewrite.php(44): require_once('C:\\Users\\reuvi\\Desktop\\ThriftStore\\Thrift_Store\\public\\index.php')
ERROR - 2024-10-23 09:26:13 --> Error connecting to the database: mysqli_sql_exception: No connection could be made because the target machine actively refused it in C:\Users\reuvi\Desktop\ThriftStore\Thrift_Store\system\Database\MySQLi\Connection.php:186
Stack trace:
#0 C:\Users\reuvi\Desktop\ThriftStore\Thrift_Store\system\Database\MySQLi\Connection.php(186): mysqli->real_connect('localhost', 'root', Object(SensitiveParameterValue), 'thrift_store', 3306, '', 0)
#1 C:\Users\reuvi\Desktop\ThriftStore\Thrift_Store\system\Database\BaseConnection.php(421): CodeIgniter\Database\MySQLi\Connection->connect(false)
#2 C:\Users\reuvi\Desktop\ThriftStore\Thrift_Store\system\Database\BaseConnection.php(616): CodeIgniter\Database\BaseConnection->initialize()
#3 C:\Users\reuvi\Desktop\ThriftStore\Thrift_Store\system\Database\BaseBuilder.php(1644): CodeIgniter\Database\BaseConnection->query('SELECT *\nFROM `...', Array, false)
#4 C:\Users\reuvi\Desktop\ThriftStore\Thrift_Store\system\Model.php(330): CodeIgniter\Database\BaseBuilder->get()
#5 C:\Users\reuvi\Desktop\ThriftStore\Thrift_Store\system\BaseModel.php(714): CodeIgniter\Model->doFirst()
#6 C:\Users\reuvi\Desktop\ThriftStore\Thrift_Store\app\Controllers\Auth.php(18): CodeIgniter\BaseModel->first()
#7 C:\Users\reuvi\Desktop\ThriftStore\Thrift_Store\system\CodeIgniter.php(933): App\Controllers\Auth->login()
#8 C:\Users\reuvi\Desktop\ThriftStore\Thrift_Store\system\CodeIgniter.php(509): CodeIgniter\CodeIgniter->runController(Object(App\Controllers\Auth))
#9 C:\Users\reuvi\Desktop\ThriftStore\Thrift_Store\system\CodeIgniter.php(355): CodeIgniter\CodeIgniter->handleRequest(NULL, Object(Config\Cache), false)
#10 C:\Users\reuvi\Desktop\ThriftStore\Thrift_Store\system\Boot.php(325): CodeIgniter\CodeIgniter->run()
#11 C:\Users\reuvi\Desktop\ThriftStore\Thrift_Store\system\Boot.php(67): CodeIgniter\Boot::runCodeIgniter(Object(CodeIgniter\CodeIgniter))
#12 C:\Users\reuvi\Desktop\ThriftStore\Thrift_Store\public\index.php(56): CodeIgniter\Boot::bootWeb(Object(Config\Paths))
#13 C:\Users\reuvi\Desktop\ThriftStore\Thrift_Store\system\rewrite.php(44): require_once('C:\\Users\\reuvi\\...')
#14 {main}

Next CodeIgniter\Database\Exceptions\DatabaseException: No connection could be made because the target machine actively refused it in C:\Users\reuvi\Desktop\ThriftStore\Thrift_Store\system\Database\MySQLi\Connection.php:231
Stack trace:
#0 C:\Users\reuvi\Desktop\ThriftStore\Thrift_Store\system\Database\BaseConnection.php(421): CodeIgniter\Database\MySQLi\Connection->connect(false)
#1 C:\Users\reuvi\Desktop\ThriftStore\Thrift_Store\system\Database\BaseConnection.php(616): CodeIgniter\Database\BaseConnection->initialize()
#2 C:\Users\reuvi\Desktop\ThriftStore\Thrift_Store\system\Database\BaseBuilder.php(1644): CodeIgniter\Database\BaseConnection->query('SELECT *\nFROM `...', Array, false)
#3 C:\Users\reuvi\Desktop\ThriftStore\Thrift_Store\system\Model.php(330): CodeIgniter\Database\BaseBuilder->get()
#4 C:\Users\reuvi\Desktop\ThriftStore\Thrift_Store\system\BaseModel.php(714): CodeIgniter\Model->doFirst()
#5 C:\Users\reuvi\Desktop\ThriftStore\Thrift_Store\app\Controllers\Auth.php(18): CodeIgniter\BaseModel->first()
#6 C:\Users\reuvi\Desktop\ThriftStore\Thrift_Store\system\CodeIgniter.php(933): App\Controllers\Auth->login()
#7 C:\Users\reuvi\Desktop\ThriftStore\Thrift_Store\system\CodeIgniter.php(509): CodeIgniter\CodeIgniter->runController(Object(App\Controllers\Auth))
#8 C:\Users\reuvi\Desktop\ThriftStore\Thrift_Store\system\CodeIgniter.php(355): CodeIgniter\CodeIgniter->handleRequest(NULL, Object(Config\Cache), false)
#9 C:\Users\reuvi\Desktop\ThriftStore\Thrift_Store\system\Boot.php(325): CodeIgniter\CodeIgniter->run()
#10 C:\Users\reuvi\Desktop\ThriftStore\Thrift_Store\system\Boot.php(67): CodeIgniter\Boot::runCodeIgniter(Object(CodeIgniter\CodeIgniter))
#11 C:\Users\reuvi\Desktop\ThriftStore\Thrift_Store\public\index.php(56): CodeIgniter\Boot::bootWeb(Object(Config\Paths))
#12 C:\Users\reuvi\Desktop\ThriftStore\Thrift_Store\system\rewrite.php(44): require_once('C:\\Users\\reuvi\\...')
#13 {main}
CRITICAL - 2024-10-23 09:26:13 --> CodeIgniter\Database\Exceptions\DatabaseException: Unable to connect to the database.
Main connection [MySQLi]: No connection could be made because the target machine actively refused it
[Method: POST, Route: login]
in SYSTEMPATH\Database\BaseConnection.php on line 467.
 1 SYSTEMPATH\Database\BaseConnection.php(616): CodeIgniter\Database\BaseConnection->initialize()
 2 SYSTEMPATH\Database\BaseBuilder.php(1644): CodeIgniter\Database\BaseConnection->query('SELECT *
FROM `employees`
WHERE `email` = :email:
 LIMIT 1', [...], false)
 3 SYSTEMPATH\Model.php(330): CodeIgniter\Database\BaseBuilder->get()
 4 SYSTEMPATH\BaseModel.php(714): CodeIgniter\Model->doFirst()
 5 APPPATH\Controllers\Auth.php(18): CodeIgniter\BaseModel->first()
 6 SYSTEMPATH\CodeIgniter.php(933): App\Controllers\Auth->login()
 7 SYSTEMPATH\CodeIgniter.php(509): CodeIgniter\CodeIgniter->runController(Object(App\Controllers\Auth))
 8 SYSTEMPATH\CodeIgniter.php(355): CodeIgniter\CodeIgniter->handleRequest(null, Object(Config\Cache), false)
 9 SYSTEMPATH\Boot.php(325): CodeIgniter\CodeIgniter->run()
10 SYSTEMPATH\Boot.php(67): CodeIgniter\Boot::runCodeIgniter(Object(CodeIgniter\CodeIgniter))
11 FCPATH\index.php(56): CodeIgniter\Boot::bootWeb(Object(Config\Paths))
12 SYSTEMPATH\rewrite.php(44): require_once('C:\\Users\\reuvi\\Desktop\\ThriftStore\\Thrift_Store\\public\\index.php')
ERROR - 2024-10-23 09:26:41 --> Error connecting to the database: mysqli_sql_exception: No connection could be made because the target machine actively refused it in C:\Users\reuvi\Desktop\ThriftStore\Thrift_Store\system\Database\MySQLi\Connection.php:186
Stack trace:
#0 C:\Users\reuvi\Desktop\ThriftStore\Thrift_Store\system\Database\MySQLi\Connection.php(186): mysqli->real_connect('localhost', 'root', Object(SensitiveParameterValue), 'thrift_store', 3306, '', 0)
#1 C:\Users\reuvi\Desktop\ThriftStore\Thrift_Store\system\Database\BaseConnection.php(421): CodeIgniter\Database\MySQLi\Connection->connect(false)
#2 C:\Users\reuvi\Desktop\ThriftStore\Thrift_Store\system\Database\BaseConnection.php(616): CodeIgniter\Database\BaseConnection->initialize()
#3 C:\Users\reuvi\Desktop\ThriftStore\Thrift_Store\system\Database\BaseBuilder.php(1644): CodeIgniter\Database\BaseConnection->query('SELECT *\nFROM `...', Array, false)
#4 C:\Users\reuvi\Desktop\ThriftStore\Thrift_Store\system\Model.php(330): CodeIgniter\Database\BaseBuilder->get()
#5 C:\Users\reuvi\Desktop\ThriftStore\Thrift_Store\system\BaseModel.php(714): CodeIgniter\Model->doFirst()
#6 C:\Users\reuvi\Desktop\ThriftStore\Thrift_Store\app\Controllers\Auth.php(18): CodeIgniter\BaseModel->first()
#7 C:\Users\reuvi\Desktop\ThriftStore\Thrift_Store\system\CodeIgniter.php(933): App\Controllers\Auth->login()
#8 C:\Users\reuvi\Desktop\ThriftStore\Thrift_Store\system\CodeIgniter.php(509): CodeIgniter\CodeIgniter->runController(Object(App\Controllers\Auth))
#9 C:\Users\reuvi\Desktop\ThriftStore\Thrift_Store\system\CodeIgniter.php(355): CodeIgniter\CodeIgniter->handleRequest(NULL, Object(Config\Cache), false)
#10 C:\Users\reuvi\Desktop\ThriftStore\Thrift_Store\system\Boot.php(325): CodeIgniter\CodeIgniter->run()
#11 C:\Users\reuvi\Desktop\ThriftStore\Thrift_Store\system\Boot.php(67): CodeIgniter\Boot::runCodeIgniter(Object(CodeIgniter\CodeIgniter))
#12 C:\Users\reuvi\Desktop\ThriftStore\Thrift_Store\public\index.php(56): CodeIgniter\Boot::bootWeb(Object(Config\Paths))
#13 C:\Users\reuvi\Desktop\ThriftStore\Thrift_Store\system\rewrite.php(44): require_once('C:\\Users\\reuvi\\...')
#14 {main}

Next CodeIgniter\Database\Exceptions\DatabaseException: No connection could be made because the target machine actively refused it in C:\Users\reuvi\Desktop\ThriftStore\Thrift_Store\system\Database\MySQLi\Connection.php:231
Stack trace:
#0 C:\Users\reuvi\Desktop\ThriftStore\Thrift_Store\system\Database\BaseConnection.php(421): CodeIgniter\Database\MySQLi\Connection->connect(false)
#1 C:\Users\reuvi\Desktop\ThriftStore\Thrift_Store\system\Database\BaseConnection.php(616): CodeIgniter\Database\BaseConnection->initialize()
#2 C:\Users\reuvi\Desktop\ThriftStore\Thrift_Store\system\Database\BaseBuilder.php(1644): CodeIgniter\Database\BaseConnection->query('SELECT *\nFROM `...', Array, false)
#3 C:\Users\reuvi\Desktop\ThriftStore\Thrift_Store\system\Model.php(330): CodeIgniter\Database\BaseBuilder->get()
#4 C:\Users\reuvi\Desktop\ThriftStore\Thrift_Store\system\BaseModel.php(714): CodeIgniter\Model->doFirst()
#5 C:\Users\reuvi\Desktop\ThriftStore\Thrift_Store\app\Controllers\Auth.php(18): CodeIgniter\BaseModel->first()
#6 C:\Users\reuvi\Desktop\ThriftStore\Thrift_Store\system\CodeIgniter.php(933): App\Controllers\Auth->login()
#7 C:\Users\reuvi\Desktop\ThriftStore\Thrift_Store\system\CodeIgniter.php(509): CodeIgniter\CodeIgniter->runController(Object(App\Controllers\Auth))
#8 C:\Users\reuvi\Desktop\ThriftStore\Thrift_Store\system\CodeIgniter.php(355): CodeIgniter\CodeIgniter->handleRequest(NULL, Object(Config\Cache), false)
#9 C:\Users\reuvi\Desktop\ThriftStore\Thrift_Store\system\Boot.php(325): CodeIgniter\CodeIgniter->run()
#10 C:\Users\reuvi\Desktop\ThriftStore\Thrift_Store\system\Boot.php(67): CodeIgniter\Boot::runCodeIgniter(Object(CodeIgniter\CodeIgniter))
#11 C:\Users\reuvi\Desktop\ThriftStore\Thrift_Store\public\index.php(56): CodeIgniter\Boot::bootWeb(Object(Config\Paths))
#12 C:\Users\reuvi\Desktop\ThriftStore\Thrift_Store\system\rewrite.php(44): require_once('C:\\Users\\reuvi\\...')
#13 {main}
CRITICAL - 2024-10-23 09:26:41 --> CodeIgniter\Database\Exceptions\DatabaseException: Unable to connect to the database.
Main connection [MySQLi]: No connection could be made because the target machine actively refused it
[Method: POST, Route: login]
in SYSTEMPATH\Database\BaseConnection.php on line 467.
 1 SYSTEMPATH\Database\BaseConnection.php(616): CodeIgniter\Database\BaseConnection->initialize()
 2 SYSTEMPATH\Database\BaseBuilder.php(1644): CodeIgniter\Database\BaseConnection->query('SELECT *
FROM `employees`
WHERE `email` = :email:
 LIMIT 1', [...], false)
 3 SYSTEMPATH\Model.php(330): CodeIgniter\Database\BaseBuilder->get()
 4 SYSTEMPATH\BaseModel.php(714): CodeIgniter\Model->doFirst()
 5 APPPATH\Controllers\Auth.php(18): CodeIgniter\BaseModel->first()
 6 SYSTEMPATH\CodeIgniter.php(933): App\Controllers\Auth->login()
 7 SYSTEMPATH\CodeIgniter.php(509): CodeIgniter\CodeIgniter->runController(Object(App\Controllers\Auth))
 8 SYSTEMPATH\CodeIgniter.php(355): CodeIgniter\CodeIgniter->handleRequest(null, Object(Config\Cache), false)
 9 SYSTEMPATH\Boot.php(325): CodeIgniter\CodeIgniter->run()
10 SYSTEMPATH\Boot.php(67): CodeIgniter\Boot::runCodeIgniter(Object(CodeIgniter\CodeIgniter))
11 FCPATH\index.php(56): CodeIgniter\Boot::bootWeb(Object(Config\Paths))
12 SYSTEMPATH\rewrite.php(44): require_once('C:\\Users\\reuvi\\Desktop\\ThriftStore\\Thrift_Store\\public\\index.php')
ERROR - 2024-10-23 09:26:53 --> Error connecting to the database: mysqli_sql_exception: No connection could be made because the target machine actively refused it in C:\Users\reuvi\Desktop\ThriftStore\Thrift_Store\system\Database\MySQLi\Connection.php:186
Stack trace:
#0 C:\Users\reuvi\Desktop\ThriftStore\Thrift_Store\system\Database\MySQLi\Connection.php(186): mysqli->real_connect('localhost', 'root', Object(SensitiveParameterValue), 'thrift_store', 3306, '', 0)
#1 C:\Users\reuvi\Desktop\ThriftStore\Thrift_Store\system\Database\BaseConnection.php(421): CodeIgniter\Database\MySQLi\Connection->connect(false)
#2 C:\Users\reuvi\Desktop\ThriftStore\Thrift_Store\system\Database\BaseConnection.php(616): CodeIgniter\Database\BaseConnection->initialize()
#3 C:\Users\reuvi\Desktop\ThriftStore\Thrift_Store\system\Database\BaseBuilder.php(1644): CodeIgniter\Database\BaseConnection->query('SELECT *\nFROM `...', Array, false)
#4 C:\Users\reuvi\Desktop\ThriftStore\Thrift_Store\system\Model.php(330): CodeIgniter\Database\BaseBuilder->get()
#5 C:\Users\reuvi\Desktop\ThriftStore\Thrift_Store\system\BaseModel.php(714): CodeIgniter\Model->doFirst()
#6 C:\Users\reuvi\Desktop\ThriftStore\Thrift_Store\app\Controllers\Auth.php(18): CodeIgniter\BaseModel->first()
#7 C:\Users\reuvi\Desktop\ThriftStore\Thrift_Store\system\CodeIgniter.php(933): App\Controllers\Auth->login()
#8 C:\Users\reuvi\Desktop\ThriftStore\Thrift_Store\system\CodeIgniter.php(509): CodeIgniter\CodeIgniter->runController(Object(App\Controllers\Auth))
#9 C:\Users\reuvi\Desktop\ThriftStore\Thrift_Store\system\CodeIgniter.php(355): CodeIgniter\CodeIgniter->handleRequest(NULL, Object(Config\Cache), false)
#10 C:\Users\reuvi\Desktop\ThriftStore\Thrift_Store\system\Boot.php(325): CodeIgniter\CodeIgniter->run()
#11 C:\Users\reuvi\Desktop\ThriftStore\Thrift_Store\system\Boot.php(67): CodeIgniter\Boot::runCodeIgniter(Object(CodeIgniter\CodeIgniter))
#12 C:\Users\reuvi\Desktop\ThriftStore\Thrift_Store\public\index.php(56): CodeIgniter\Boot::bootWeb(Object(Config\Paths))
#13 C:\Users\reuvi\Desktop\ThriftStore\Thrift_Store\system\rewrite.php(44): require_once('C:\\Users\\reuvi\\...')
#14 {main}

Next CodeIgniter\Database\Exceptions\DatabaseException: No connection could be made because the target machine actively refused it in C:\Users\reuvi\Desktop\ThriftStore\Thrift_Store\system\Database\MySQLi\Connection.php:231
Stack trace:
#0 C:\Users\reuvi\Desktop\ThriftStore\Thrift_Store\system\Database\BaseConnection.php(421): CodeIgniter\Database\MySQLi\Connection->connect(false)
#1 C:\Users\reuvi\Desktop\ThriftStore\Thrift_Store\system\Database\BaseConnection.php(616): CodeIgniter\Database\BaseConnection->initialize()
#2 C:\Users\reuvi\Desktop\ThriftStore\Thrift_Store\system\Database\BaseBuilder.php(1644): CodeIgniter\Database\BaseConnection->query('SELECT *\nFROM `...', Array, false)
#3 C:\Users\reuvi\Desktop\ThriftStore\Thrift_Store\system\Model.php(330): CodeIgniter\Database\BaseBuilder->get()
#4 C:\Users\reuvi\Desktop\ThriftStore\Thrift_Store\system\BaseModel.php(714): CodeIgniter\Model->doFirst()
#5 C:\Users\reuvi\Desktop\ThriftStore\Thrift_Store\app\Controllers\Auth.php(18): CodeIgniter\BaseModel->first()
#6 C:\Users\reuvi\Desktop\ThriftStore\Thrift_Store\system\CodeIgniter.php(933): App\Controllers\Auth->login()
#7 C:\Users\reuvi\Desktop\ThriftStore\Thrift_Store\system\CodeIgniter.php(509): CodeIgniter\CodeIgniter->runController(Object(App\Controllers\Auth))
#8 C:\Users\reuvi\Desktop\ThriftStore\Thrift_Store\system\CodeIgniter.php(355): CodeIgniter\CodeIgniter->handleRequest(NULL, Object(Config\Cache), false)
#9 C:\Users\reuvi\Desktop\ThriftStore\Thrift_Store\system\Boot.php(325): CodeIgniter\CodeIgniter->run()
#10 C:\Users\reuvi\Desktop\ThriftStore\Thrift_Store\system\Boot.php(67): CodeIgniter\Boot::runCodeIgniter(Object(CodeIgniter\CodeIgniter))
#11 C:\Users\reuvi\Desktop\ThriftStore\Thrift_Store\public\index.php(56): CodeIgniter\Boot::bootWeb(Object(Config\Paths))
#12 C:\Users\reuvi\Desktop\ThriftStore\Thrift_Store\system\rewrite.php(44): require_once('C:\\Users\\reuvi\\...')
#13 {main}
CRITICAL - 2024-10-23 09:26:53 --> CodeIgniter\Database\Exceptions\DatabaseException: Unable to connect to the database.
Main connection [MySQLi]: No connection could be made because the target machine actively refused it
[Method: POST, Route: login]
in SYSTEMPATH\Database\BaseConnection.php on line 467.
 1 SYSTEMPATH\Database\BaseConnection.php(616): CodeIgniter\Database\BaseConnection->initialize()
 2 SYSTEMPATH\Database\BaseBuilder.php(1644): CodeIgniter\Database\BaseConnection->query('SELECT *
FROM `employees`
WHERE `email` = :email:
 LIMIT 1', [...], false)
 3 SYSTEMPATH\Model.php(330): CodeIgniter\Database\BaseBuilder->get()
 4 SYSTEMPATH\BaseModel.php(714): CodeIgniter\Model->doFirst()
 5 APPPATH\Controllers\Auth.php(18): CodeIgniter\BaseModel->first()
 6 SYSTEMPATH\CodeIgniter.php(933): App\Controllers\Auth->login()
 7 SYSTEMPATH\CodeIgniter.php(509): CodeIgniter\CodeIgniter->runController(Object(App\Controllers\Auth))
 8 SYSTEMPATH\CodeIgniter.php(355): CodeIgniter\CodeIgniter->handleRequest(null, Object(Config\Cache), false)
 9 SYSTEMPATH\Boot.php(325): CodeIgniter\CodeIgniter->run()
10 SYSTEMPATH\Boot.php(67): CodeIgniter\Boot::runCodeIgniter(Object(CodeIgniter\CodeIgniter))
11 FCPATH\index.php(56): CodeIgniter\Boot::bootWeb(Object(Config\Paths))
12 SYSTEMPATH\rewrite.php(44): require_once('C:\\Users\\reuvi\\Desktop\\ThriftStore\\Thrift_Store\\public\\index.php')
