ERROR - 2024-11-15 18:01:01 --> Undefined global variable $_SESSION
ERROR - 2024-11-15 18:01:03 --> Undefined global variable $_SESSION
ERROR - 2024-11-15 18:01:03 --> Undefined global variable $_SESSION
ERROR - 2024-11-15 18:01:04 --> Undefined global variable $_SESSION
ERROR - 2024-11-15 18:01:04 --> Undefined global variable $_SESSION
ERROR - 2024-11-15 18:01:05 --> Undefined global variable $_SESSION
ERROR - 2024-11-15 18:01:06 --> Undefined global variable $_SESSION
ERROR - 2024-11-15 18:01:06 --> Undefined global variable $_SESSION
ERROR - 2024-11-15 18:01:07 --> Undefined global variable $_SESSION
ERROR - 2024-11-15 18:01:07 --> Undefined global variable $_SESSION
ERROR - 2024-11-15 18:01:07 --> Undefined global variable $_SESSION
CRITICAL - 2024-11-15 18:05:11 --> CodeIgniter\HTTP\Exceptions\BadRequestException: The URI you submitted has disallowed characters: "${product.image}"
[Method: GET, Route: $%7Bproduct.image%7D]
in SYSTEMPATH\Router\Router.php on line 737.
 1 SYSTEMPATH\Router\Router.php(204): CodeIgniter\Router\Router->checkDisallowedChars('${product.image}')
 2 SYSTEMPATH\CodeIgniter.php(834): CodeIgniter\Router\Router->handle('${product.image}')
 3 SYSTEMPATH\CodeIgniter.php(457): CodeIgniter\CodeIgniter->tryToRouteIt(Object(CodeIgniter\Router\RouteCollection))
 4 SYSTEMPATH\CodeIgniter.php(355): CodeIgniter\CodeIgniter->handleRequest(null, Object(Config\Cache), false)
 5 SYSTEMPATH\Boot.php(325): CodeIgniter\CodeIgniter->run()
 6 SYSTEMPATH\Boot.php(67): CodeIgniter\Boot::runCodeIgniter(Object(CodeIgniter\CodeIgniter))
 7 FCPATH\index.php(56): CodeIgniter\Boot::bootWeb(Object(Config\Paths))
 8 SYSTEMPATH\rewrite.php(44): require_once('C:\\Users\\reuvi\\Desktop\\AJM\\AJM\\public\\index.php')
ERROR - 2024-11-15 18:38:12 --> Undefined array key "quantity"
ERROR - 2024-11-15 18:38:55 --> Undefined array key "name"
