CRITICAL - 2024-11-08 16:21:07 --> Error: Call to undefined function App\Controllers\hash_check()
[Method: POST, Route: login]
in APPPATH\Controllers\Auth.php on line 24.
 1 SYSTEMPATH\CodeIgniter.php(933): App\Controllers\Auth->login()
 2 SYSTEMPATH\CodeIgniter.php(509): CodeIgniter\CodeIgniter->runController(Object(App\Controllers\Auth))
 3 SYSTEMPATH\CodeIgniter.php(355): CodeIgniter\CodeIgniter->handleRequest(null, Object(Config\Cache), false)
 4 SYSTEMPATH\Boot.php(325): CodeIgniter\CodeIgniter->run()
 5 SYSTEMPATH\Boot.php(67): CodeIgniter\Boot::runCodeIgniter(Object(CodeIgniter\CodeIgniter))
 6 FCPATH\index.php(56): CodeIgniter\Boot::bootWeb(Object(Config\Paths))
 7 SYSTEMPATH\rewrite.php(44): require_once('C:\\Users\\reuvi\\Desktop\\ts\\public\\index.php')
CRITICAL - 2024-11-08 16:22:15 --> Error: Call to undefined function App\Controllers\hash_check()
[Method: POST, Route: login]
in APPPATH\Controllers\Auth.php on line 26.
 1 SYSTEMPATH\CodeIgniter.php(933): App\Controllers\Auth->login()
 2 SYSTEMPATH\CodeIgniter.php(509): CodeIgniter\CodeIgniter->runController(Object(App\Controllers\Auth))
 3 SYSTEMPATH\CodeIgniter.php(355): CodeIgniter\CodeIgniter->handleRequest(null, Object(Config\Cache), false)
 4 SYSTEMPATH\Boot.php(325): CodeIgniter\CodeIgniter->run()
 5 SYSTEMPATH\Boot.php(67): CodeIgniter\Boot::runCodeIgniter(Object(CodeIgniter\CodeIgniter))
 6 FCPATH\index.php(56): CodeIgniter\Boot::bootWeb(Object(Config\Paths))
 7 SYSTEMPATH\rewrite.php(44): require_once('C:\\Users\\reuvi\\Desktop\\ts\\public\\index.php')
CRITICAL - 2024-11-08 16:22:23 --> Error: Call to undefined function App\Controllers\hash_check()
[Method: POST, Route: login]
in APPPATH\Controllers\Auth.php on line 26.
 1 SYSTEMPATH\CodeIgniter.php(933): App\Controllers\Auth->login()
 2 SYSTEMPATH\CodeIgniter.php(509): CodeIgniter\CodeIgniter->runController(Object(App\Controllers\Auth))
 3 SYSTEMPATH\CodeIgniter.php(355): CodeIgniter\CodeIgniter->handleRequest(null, Object(Config\Cache), false)
 4 SYSTEMPATH\Boot.php(325): CodeIgniter\CodeIgniter->run()
 5 SYSTEMPATH\Boot.php(67): CodeIgniter\Boot::runCodeIgniter(Object(CodeIgniter\CodeIgniter))
 6 FCPATH\index.php(56): CodeIgniter\Boot::bootWeb(Object(Config\Paths))
 7 SYSTEMPATH\rewrite.php(44): require_once('C:\\Users\\reuvi\\Desktop\\ts\\public\\index.php')
CRITICAL - 2024-11-08 16:27:38 --> CodeIgniter\View\Exceptions\ViewException: Invalid file: "login.php"
[Method: POST, Route: user-login]
in SYSTEMPATH\Exceptions\FrameworkException.php on line 41.
 1 SYSTEMPATH\View\View.php(222): CodeIgniter\Exceptions\FrameworkException::forInvalidFile('login.php')
 2 SYSTEMPATH\Common.php(1171): CodeIgniter\View\View->render('login', [], true)
 3 APPPATH\Controllers\Auth.php(52): view('login')
 4 SYSTEMPATH\CodeIgniter.php(933): App\Controllers\Auth->login()
 5 SYSTEMPATH\CodeIgniter.php(509): CodeIgniter\CodeIgniter->runController(Object(App\Controllers\Auth))
 6 SYSTEMPATH\CodeIgniter.php(355): CodeIgniter\CodeIgniter->handleRequest(null, Object(Config\Cache), false)
 7 SYSTEMPATH\Boot.php(325): CodeIgniter\CodeIgniter->run()
 8 SYSTEMPATH\Boot.php(67): CodeIgniter\Boot::runCodeIgniter(Object(CodeIgniter\CodeIgniter))
 9 FCPATH\index.php(56): CodeIgniter\Boot::bootWeb(Object(Config\Paths))
10 SYSTEMPATH\rewrite.php(44): require_once('C:\\Users\\reuvi\\Desktop\\ts\\public\\index.php')
CRITICAL - 2024-11-08 16:28:11 --> CodeIgniter\View\Exceptions\ViewException: Invalid file: "login.php"
[Method: POST, Route: login]
in SYSTEMPATH\Exceptions\FrameworkException.php on line 41.
 1 SYSTEMPATH\View\View.php(222): CodeIgniter\Exceptions\FrameworkException::forInvalidFile('login.php')
 2 SYSTEMPATH\Common.php(1171): CodeIgniter\View\View->render('login', [], true)
 3 APPPATH\Controllers\Auth.php(52): view('login')
 4 SYSTEMPATH\CodeIgniter.php(933): App\Controllers\Auth->login()
 5 SYSTEMPATH\CodeIgniter.php(509): CodeIgniter\CodeIgniter->runController(Object(App\Controllers\Auth))
 6 SYSTEMPATH\CodeIgniter.php(355): CodeIgniter\CodeIgniter->handleRequest(null, Object(Config\Cache), false)
 7 SYSTEMPATH\Boot.php(325): CodeIgniter\CodeIgniter->run()
 8 SYSTEMPATH\Boot.php(67): CodeIgniter\Boot::runCodeIgniter(Object(CodeIgniter\CodeIgniter))
 9 FCPATH\index.php(56): CodeIgniter\Boot::bootWeb(Object(Config\Paths))
10 SYSTEMPATH\rewrite.php(44): require_once('C:\\Users\\reuvi\\Desktop\\ts\\public\\index.php')
CRITICAL - 2024-11-08 16:33:34 --> CodeIgniter\View\Exceptions\ViewException: Invalid file: "/grantAccess.php"
[Method: POST, Route: login]
in SYSTEMPATH\Exceptions\FrameworkException.php on line 41.
 1 SYSTEMPATH\View\View.php(222): CodeIgniter\Exceptions\FrameworkException::forInvalidFile('/grantAccess.php')
 2 SYSTEMPATH\Common.php(1171): CodeIgniter\View\View->render('/grantAccess', [], true)
 3 APPPATH\Controllers\Auth.php(52): view('/grantAccess')
 4 SYSTEMPATH\CodeIgniter.php(933): App\Controllers\Auth->login()
 5 SYSTEMPATH\CodeIgniter.php(509): CodeIgniter\CodeIgniter->runController(Object(App\Controllers\Auth))
 6 SYSTEMPATH\CodeIgniter.php(355): CodeIgniter\CodeIgniter->handleRequest(null, Object(Config\Cache), false)
 7 SYSTEMPATH\Boot.php(325): CodeIgniter\CodeIgniter->run()
 8 SYSTEMPATH\Boot.php(67): CodeIgniter\Boot::runCodeIgniter(Object(CodeIgniter\CodeIgniter))
 9 FCPATH\index.php(56): CodeIgniter\Boot::bootWeb(Object(Config\Paths))
10 SYSTEMPATH\rewrite.php(44): require_once('C:\\Users\\reuvi\\Desktop\\ts\\public\\index.php')
CRITICAL - 2024-11-08 16:33:49 --> CodeIgniter\View\Exceptions\ViewException: Invalid file: "/grantAccess.php"
[Method: POST, Route: login]
in SYSTEMPATH\Exceptions\FrameworkException.php on line 41.
 1 SYSTEMPATH\View\View.php(222): CodeIgniter\Exceptions\FrameworkException::forInvalidFile('/grantAccess.php')
 2 SYSTEMPATH\Common.php(1171): CodeIgniter\View\View->render('/grantAccess', [], true)
 3 APPPATH\Controllers\Auth.php(52): view('/grantAccess')
 4 SYSTEMPATH\CodeIgniter.php(933): App\Controllers\Auth->login()
 5 SYSTEMPATH\CodeIgniter.php(509): CodeIgniter\CodeIgniter->runController(Object(App\Controllers\Auth))
 6 SYSTEMPATH\CodeIgniter.php(355): CodeIgniter\CodeIgniter->handleRequest(null, Object(Config\Cache), false)
 7 SYSTEMPATH\Boot.php(325): CodeIgniter\CodeIgniter->run()
 8 SYSTEMPATH\Boot.php(67): CodeIgniter\Boot::runCodeIgniter(Object(CodeIgniter\CodeIgniter))
 9 FCPATH\index.php(56): CodeIgniter\Boot::bootWeb(Object(Config\Paths))
10 SYSTEMPATH\rewrite.php(44): require_once('C:\\Users\\reuvi\\Desktop\\ts\\public\\index.php')
ERROR - 2024-11-08 16:35:44 --> mysqli_sql_exception: Unknown table 'thrift_store.users' in C:\Users\reuvi\Desktop\ts\system\Database\MySQLi\Connection.php:312
Stack trace:
#0 C:\Users\reuvi\Desktop\ts\system\Database\MySQLi\Connection.php(312): mysqli->query('DROP TABLE `use...', 0)
#1 C:\Users\reuvi\Desktop\ts\system\Database\BaseConnection.php(734): CodeIgniter\Database\MySQLi\Connection->execute('DROP TABLE `use...')
#2 C:\Users\reuvi\Desktop\ts\system\Database\BaseConnection.php(648): CodeIgniter\Database\BaseConnection->simpleQuery('DROP TABLE `use...')
#3 C:\Users\reuvi\Desktop\ts\system\Database\Forge.php(663): CodeIgniter\Database\BaseConnection->query('DROP TABLE `use...')
#4 C:\Users\reuvi\Desktop\ts\app\Database\Migrations\2024-10-18-170851_CreateUsersTable.php(90): CodeIgniter\Database\Forge->dropTable('users')
#5 C:\Users\reuvi\Desktop\ts\system\Database\MigrationRunner.php(867): App\Database\Migrations\CreateUsersTable->down()
#6 C:\Users\reuvi\Desktop\ts\system\Database\MigrationRunner.php(290): CodeIgniter\Database\MigrationRunner->migrate('down', Object(stdClass))
#7 C:\Users\reuvi\Desktop\ts\system\Commands\Database\MigrateRollback.php(101): CodeIgniter\Database\MigrationRunner->regress(0)
#8 C:\Users\reuvi\Desktop\ts\system\CLI\Commands.php(70): CodeIgniter\Commands\Database\MigrateRollback->run(Array)
#9 C:\Users\reuvi\Desktop\ts\system\CLI\BaseCommand.php(119): CodeIgniter\CLI\Commands->run('migrate:rollbac...', Array)
#10 C:\Users\reuvi\Desktop\ts\system\Commands\Database\MigrateRefresh.php(86): CodeIgniter\CLI\BaseCommand->call('migrate:rollbac...', Array)
#11 C:\Users\reuvi\Desktop\ts\system\CLI\Commands.php(70): CodeIgniter\Commands\Database\MigrateRefresh->run(Array)
#12 C:\Users\reuvi\Desktop\ts\system\CLI\Console.php(48): CodeIgniter\CLI\Commands->run('migrate:refresh', Array)
#13 C:\Users\reuvi\Desktop\ts\system\Boot.php(351): CodeIgniter\CLI\Console->run()
#14 C:\Users\reuvi\Desktop\ts\system\Boot.php(104): CodeIgniter\Boot::runCommand(Object(CodeIgniter\CLI\Console))
#15 C:\Users\reuvi\Desktop\ts\spark(84): CodeIgniter\Boot::bootSpark(Object(Config\Paths))
#16 {main}
ERROR - 2024-11-08 16:35:44 --> mysqli_sql_exception: Table 'items' already exists in C:\Users\reuvi\Desktop\ts\system\Database\MySQLi\Connection.php:312
Stack trace:
#0 C:\Users\reuvi\Desktop\ts\system\Database\MySQLi\Connection.php(312): mysqli->query('CREATE TABLE `i...', 0)
#1 C:\Users\reuvi\Desktop\ts\system\Database\BaseConnection.php(734): CodeIgniter\Database\MySQLi\Connection->execute('CREATE TABLE `i...')
#2 C:\Users\reuvi\Desktop\ts\system\Database\BaseConnection.php(648): CodeIgniter\Database\BaseConnection->simpleQuery('CREATE TABLE `i...')
#3 C:\Users\reuvi\Desktop\ts\system\Database\Forge.php(570): CodeIgniter\Database\BaseConnection->query('CREATE TABLE `i...')
#4 C:\Users\reuvi\Desktop\ts\app\Database\Migrations\2024-10-18-171930_CreateItemsTable.php(67): CodeIgniter\Database\Forge->createTable('items')
#5 C:\Users\reuvi\Desktop\ts\system\Database\MigrationRunner.php(867): App\Database\Migrations\CreateItemsTable->up()
#6 C:\Users\reuvi\Desktop\ts\system\Database\MigrationRunner.php(183): CodeIgniter\Database\MigrationRunner->migrate('up', Object(stdClass))
#7 C:\Users\reuvi\Desktop\ts\system\Commands\Database\Migrate.php(85): CodeIgniter\Database\MigrationRunner->latest(NULL)
#8 C:\Users\reuvi\Desktop\ts\system\CLI\Commands.php(70): CodeIgniter\Commands\Database\Migrate->run(Array)
#9 C:\Users\reuvi\Desktop\ts\system\CLI\BaseCommand.php(119): CodeIgniter\CLI\Commands->run('migrate', Array)
#10 C:\Users\reuvi\Desktop\ts\system\Commands\Database\MigrateRefresh.php(87): CodeIgniter\CLI\BaseCommand->call('migrate', Array)
#11 C:\Users\reuvi\Desktop\ts\system\CLI\Commands.php(70): CodeIgniter\Commands\Database\MigrateRefresh->run(Array)
#12 C:\Users\reuvi\Desktop\ts\system\CLI\Console.php(48): CodeIgniter\CLI\Commands->run('migrate:refresh', Array)
#13 C:\Users\reuvi\Desktop\ts\system\Boot.php(351): CodeIgniter\CLI\Console->run()
#14 C:\Users\reuvi\Desktop\ts\system\Boot.php(104): CodeIgniter\Boot::runCommand(Object(CodeIgniter\CLI\Console))
#15 C:\Users\reuvi\Desktop\ts\spark(84): CodeIgniter\Boot::bootSpark(Object(Config\Paths))
#16 {main}
ERROR - 2024-11-08 16:38:18 --> mysqli_sql_exception: Unknown table 'thrift_store.users' in C:\Users\reuvi\Desktop\ts\system\Database\MySQLi\Connection.php:312
Stack trace:
#0 C:\Users\reuvi\Desktop\ts\system\Database\MySQLi\Connection.php(312): mysqli->query('DROP TABLE `use...', 0)
#1 C:\Users\reuvi\Desktop\ts\system\Database\BaseConnection.php(734): CodeIgniter\Database\MySQLi\Connection->execute('DROP TABLE `use...')
#2 C:\Users\reuvi\Desktop\ts\system\Database\BaseConnection.php(648): CodeIgniter\Database\BaseConnection->simpleQuery('DROP TABLE `use...')
#3 C:\Users\reuvi\Desktop\ts\system\Database\Forge.php(663): CodeIgniter\Database\BaseConnection->query('DROP TABLE `use...')
#4 C:\Users\reuvi\Desktop\ts\app\Database\Migrations\2024-10-18-171930_CreateItemsTable.php(72): CodeIgniter\Database\Forge->dropTable('users')
#5 C:\Users\reuvi\Desktop\ts\system\Database\MigrationRunner.php(867): App\Database\Migrations\CreateItemsTable->down()
#6 C:\Users\reuvi\Desktop\ts\system\Database\MigrationRunner.php(290): CodeIgniter\Database\MigrationRunner->migrate('down', Object(stdClass))
#7 C:\Users\reuvi\Desktop\ts\system\Commands\Database\MigrateRollback.php(101): CodeIgniter\Database\MigrationRunner->regress(0)
#8 C:\Users\reuvi\Desktop\ts\system\CLI\Commands.php(70): CodeIgniter\Commands\Database\MigrateRollback->run(Array)
#9 C:\Users\reuvi\Desktop\ts\system\CLI\BaseCommand.php(119): CodeIgniter\CLI\Commands->run('migrate:rollbac...', Array)
#10 C:\Users\reuvi\Desktop\ts\system\Commands\Database\MigrateRefresh.php(86): CodeIgniter\CLI\BaseCommand->call('migrate:rollbac...', Array)
#11 C:\Users\reuvi\Desktop\ts\system\CLI\Commands.php(70): CodeIgniter\Commands\Database\MigrateRefresh->run(Array)
#12 C:\Users\reuvi\Desktop\ts\system\CLI\Console.php(48): CodeIgniter\CLI\Commands->run('migrate:refresh', Array)
#13 C:\Users\reuvi\Desktop\ts\system\Boot.php(351): CodeIgniter\CLI\Console->run()
#14 C:\Users\reuvi\Desktop\ts\system\Boot.php(104): CodeIgniter\Boot::runCommand(Object(CodeIgniter\CLI\Console))
#15 C:\Users\reuvi\Desktop\ts\spark(84): CodeIgniter\Boot::bootSpark(Object(Config\Paths))
#16 {main}
ERROR - 2024-11-08 16:38:36 --> mysqli_sql_exception: Unknown table 'thrift_store.users' in C:\Users\reuvi\Desktop\ts\system\Database\MySQLi\Connection.php:312
Stack trace:
#0 C:\Users\reuvi\Desktop\ts\system\Database\MySQLi\Connection.php(312): mysqli->query('DROP TABLE `use...', 0)
#1 C:\Users\reuvi\Desktop\ts\system\Database\BaseConnection.php(734): CodeIgniter\Database\MySQLi\Connection->execute('DROP TABLE `use...')
#2 C:\Users\reuvi\Desktop\ts\system\Database\BaseConnection.php(648): CodeIgniter\Database\BaseConnection->simpleQuery('DROP TABLE `use...')
#3 C:\Users\reuvi\Desktop\ts\system\Database\Forge.php(663): CodeIgniter\Database\BaseConnection->query('DROP TABLE `use...')
#4 C:\Users\reuvi\Desktop\ts\app\Database\Migrations\2024-10-18-170851_CreateUsersTable.php(105): CodeIgniter\Database\Forge->dropTable('users')
#5 C:\Users\reuvi\Desktop\ts\system\Database\MigrationRunner.php(867): App\Database\Migrations\CreateUsersTable->down()
#6 C:\Users\reuvi\Desktop\ts\system\Database\MigrationRunner.php(290): CodeIgniter\Database\MigrationRunner->migrate('down', Object(stdClass))
#7 C:\Users\reuvi\Desktop\ts\system\Commands\Database\MigrateRollback.php(101): CodeIgniter\Database\MigrationRunner->regress(0)
#8 C:\Users\reuvi\Desktop\ts\system\CLI\Commands.php(70): CodeIgniter\Commands\Database\MigrateRollback->run(Array)
#9 C:\Users\reuvi\Desktop\ts\system\CLI\BaseCommand.php(119): CodeIgniter\CLI\Commands->run('migrate:rollbac...', Array)
#10 C:\Users\reuvi\Desktop\ts\system\Commands\Database\MigrateRefresh.php(86): CodeIgniter\CLI\BaseCommand->call('migrate:rollbac...', Array)
#11 C:\Users\reuvi\Desktop\ts\system\CLI\Commands.php(70): CodeIgniter\Commands\Database\MigrateRefresh->run(Array)
#12 C:\Users\reuvi\Desktop\ts\system\CLI\Console.php(48): CodeIgniter\CLI\Commands->run('migrate:refresh', Array)
#13 C:\Users\reuvi\Desktop\ts\system\Boot.php(351): CodeIgniter\CLI\Console->run()
#14 C:\Users\reuvi\Desktop\ts\system\Boot.php(104): CodeIgniter\Boot::runCommand(Object(CodeIgniter\CLI\Console))
#15 C:\Users\reuvi\Desktop\ts\spark(84): CodeIgniter\Boot::bootSpark(Object(Config\Paths))
#16 {main}
ERROR - 2024-11-08 16:38:36 --> mysqli_sql_exception: Table 'items' already exists in C:\Users\reuvi\Desktop\ts\system\Database\MySQLi\Connection.php:312
Stack trace:
#0 C:\Users\reuvi\Desktop\ts\system\Database\MySQLi\Connection.php(312): mysqli->query('CREATE TABLE `i...', 0)
#1 C:\Users\reuvi\Desktop\ts\system\Database\BaseConnection.php(734): CodeIgniter\Database\MySQLi\Connection->execute('CREATE TABLE `i...')
#2 C:\Users\reuvi\Desktop\ts\system\Database\BaseConnection.php(648): CodeIgniter\Database\BaseConnection->simpleQuery('CREATE TABLE `i...')
#3 C:\Users\reuvi\Desktop\ts\system\Database\Forge.php(570): CodeIgniter\Database\BaseConnection->query('CREATE TABLE `i...')
#4 C:\Users\reuvi\Desktop\ts\app\Database\Migrations\2024-10-18-171930_CreateItemsTable.php(67): CodeIgniter\Database\Forge->createTable('items')
#5 C:\Users\reuvi\Desktop\ts\system\Database\MigrationRunner.php(867): App\Database\Migrations\CreateItemsTable->up()
#6 C:\Users\reuvi\Desktop\ts\system\Database\MigrationRunner.php(183): CodeIgniter\Database\MigrationRunner->migrate('up', Object(stdClass))
#7 C:\Users\reuvi\Desktop\ts\system\Commands\Database\Migrate.php(85): CodeIgniter\Database\MigrationRunner->latest(NULL)
#8 C:\Users\reuvi\Desktop\ts\system\CLI\Commands.php(70): CodeIgniter\Commands\Database\Migrate->run(Array)
#9 C:\Users\reuvi\Desktop\ts\system\CLI\BaseCommand.php(119): CodeIgniter\CLI\Commands->run('migrate', Array)
#10 C:\Users\reuvi\Desktop\ts\system\Commands\Database\MigrateRefresh.php(87): CodeIgniter\CLI\BaseCommand->call('migrate', Array)
#11 C:\Users\reuvi\Desktop\ts\system\CLI\Commands.php(70): CodeIgniter\Commands\Database\MigrateRefresh->run(Array)
#12 C:\Users\reuvi\Desktop\ts\system\CLI\Console.php(48): CodeIgniter\CLI\Commands->run('migrate:refresh', Array)
#13 C:\Users\reuvi\Desktop\ts\system\Boot.php(351): CodeIgniter\CLI\Console->run()
#14 C:\Users\reuvi\Desktop\ts\system\Boot.php(104): CodeIgniter\Boot::runCommand(Object(CodeIgniter\CLI\Console))
#15 C:\Users\reuvi\Desktop\ts\spark(84): CodeIgniter\Boot::bootSpark(Object(Config\Paths))
#16 {main}
ERROR - 2024-11-08 16:39:14 --> mysqli_sql_exception: Unknown table 'thrift_store.users' in C:\Users\reuvi\Desktop\ts\system\Database\MySQLi\Connection.php:312
Stack trace:
#0 C:\Users\reuvi\Desktop\ts\system\Database\MySQLi\Connection.php(312): mysqli->query('DROP TABLE `use...', 0)
#1 C:\Users\reuvi\Desktop\ts\system\Database\BaseConnection.php(734): CodeIgniter\Database\MySQLi\Connection->execute('DROP TABLE `use...')
#2 C:\Users\reuvi\Desktop\ts\system\Database\BaseConnection.php(648): CodeIgniter\Database\BaseConnection->simpleQuery('DROP TABLE `use...')
#3 C:\Users\reuvi\Desktop\ts\system\Database\Forge.php(663): CodeIgniter\Database\BaseConnection->query('DROP TABLE `use...')
#4 C:\Users\reuvi\Desktop\ts\app\Database\Migrations\2024-10-18-170851_CreateUsersTable.php(105): CodeIgniter\Database\Forge->dropTable('users')
#5 C:\Users\reuvi\Desktop\ts\system\Database\MigrationRunner.php(867): App\Database\Migrations\CreateUsersTable->down()
#6 C:\Users\reuvi\Desktop\ts\system\Database\MigrationRunner.php(290): CodeIgniter\Database\MigrationRunner->migrate('down', Object(stdClass))
#7 C:\Users\reuvi\Desktop\ts\system\Commands\Database\MigrateRollback.php(101): CodeIgniter\Database\MigrationRunner->regress(0)
#8 C:\Users\reuvi\Desktop\ts\system\CLI\Commands.php(70): CodeIgniter\Commands\Database\MigrateRollback->run(Array)
#9 C:\Users\reuvi\Desktop\ts\system\CLI\BaseCommand.php(119): CodeIgniter\CLI\Commands->run('migrate:rollbac...', Array)
#10 C:\Users\reuvi\Desktop\ts\system\Commands\Database\MigrateRefresh.php(86): CodeIgniter\CLI\BaseCommand->call('migrate:rollbac...', Array)
#11 C:\Users\reuvi\Desktop\ts\system\CLI\Commands.php(70): CodeIgniter\Commands\Database\MigrateRefresh->run(Array)
#12 C:\Users\reuvi\Desktop\ts\system\CLI\Console.php(48): CodeIgniter\CLI\Commands->run('migrate:refresh', Array)
#13 C:\Users\reuvi\Desktop\ts\system\Boot.php(351): CodeIgniter\CLI\Console->run()
#14 C:\Users\reuvi\Desktop\ts\system\Boot.php(104): CodeIgniter\Boot::runCommand(Object(CodeIgniter\CLI\Console))
#15 C:\Users\reuvi\Desktop\ts\spark(84): CodeIgniter\Boot::bootSpark(Object(Config\Paths))
#16 {main}
ERROR - 2024-11-08 16:39:14 --> mysqli_sql_exception: Table 'items' already exists in C:\Users\reuvi\Desktop\ts\system\Database\MySQLi\Connection.php:312
Stack trace:
#0 C:\Users\reuvi\Desktop\ts\system\Database\MySQLi\Connection.php(312): mysqli->query('CREATE TABLE `i...', 0)
#1 C:\Users\reuvi\Desktop\ts\system\Database\BaseConnection.php(734): CodeIgniter\Database\MySQLi\Connection->execute('CREATE TABLE `i...')
#2 C:\Users\reuvi\Desktop\ts\system\Database\BaseConnection.php(648): CodeIgniter\Database\BaseConnection->simpleQuery('CREATE TABLE `i...')
#3 C:\Users\reuvi\Desktop\ts\system\Database\Forge.php(570): CodeIgniter\Database\BaseConnection->query('CREATE TABLE `i...')
#4 C:\Users\reuvi\Desktop\ts\app\Database\Migrations\2024-10-18-171930_CreateItemsTable.php(67): CodeIgniter\Database\Forge->createTable('items')
#5 C:\Users\reuvi\Desktop\ts\system\Database\MigrationRunner.php(867): App\Database\Migrations\CreateItemsTable->up()
#6 C:\Users\reuvi\Desktop\ts\system\Database\MigrationRunner.php(183): CodeIgniter\Database\MigrationRunner->migrate('up', Object(stdClass))
#7 C:\Users\reuvi\Desktop\ts\system\Commands\Database\Migrate.php(85): CodeIgniter\Database\MigrationRunner->latest(NULL)
#8 C:\Users\reuvi\Desktop\ts\system\CLI\Commands.php(70): CodeIgniter\Commands\Database\Migrate->run(Array)
#9 C:\Users\reuvi\Desktop\ts\system\CLI\BaseCommand.php(119): CodeIgniter\CLI\Commands->run('migrate', Array)
#10 C:\Users\reuvi\Desktop\ts\system\Commands\Database\MigrateRefresh.php(87): CodeIgniter\CLI\BaseCommand->call('migrate', Array)
#11 C:\Users\reuvi\Desktop\ts\system\CLI\Commands.php(70): CodeIgniter\Commands\Database\MigrateRefresh->run(Array)
#12 C:\Users\reuvi\Desktop\ts\system\CLI\Console.php(48): CodeIgniter\CLI\Commands->run('migrate:refresh', Array)
#13 C:\Users\reuvi\Desktop\ts\system\Boot.php(351): CodeIgniter\CLI\Console->run()
#14 C:\Users\reuvi\Desktop\ts\system\Boot.php(104): CodeIgniter\Boot::runCommand(Object(CodeIgniter\CLI\Console))
#15 C:\Users\reuvi\Desktop\ts\spark(84): CodeIgniter\Boot::bootSpark(Object(Config\Paths))
#16 {main}
CRITICAL - 2024-11-08 16:42:28 --> CodeIgniter\Database\Exceptions\DataException: There is no data to update.
[Method: GET, Route: logout]
in SYSTEMPATH\BaseModel.php on line 1011.
 1 SYSTEMPATH\BaseModel.php(1011): CodeIgniter\Database\Exceptions\DataException::forEmptyDataset('update')
 2 SYSTEMPATH\Model.php(865): CodeIgniter\BaseModel->update([...], [])
 3 APPPATH\Controllers\Auth.php(61): CodeIgniter\Model->update('1', [...])
 4 SYSTEMPATH\CodeIgniter.php(933): App\Controllers\Auth->logout()
 5 SYSTEMPATH\CodeIgniter.php(509): CodeIgniter\CodeIgniter->runController(Object(App\Controllers\Auth))
 6 SYSTEMPATH\CodeIgniter.php(355): CodeIgniter\CodeIgniter->handleRequest(null, Object(Config\Cache), false)
 7 SYSTEMPATH\Boot.php(325): CodeIgniter\CodeIgniter->run()
 8 SYSTEMPATH\Boot.php(67): CodeIgniter\Boot::runCodeIgniter(Object(CodeIgniter\CodeIgniter))
 9 FCPATH\index.php(56): CodeIgniter\Boot::bootWeb(Object(Config\Paths))
10 SYSTEMPATH\rewrite.php(44): require_once('C:\\Users\\reuvi\\Desktop\\ts\\public\\index.php')
CRITICAL - 2024-11-08 16:42:42 --> CodeIgniter\Database\Exceptions\DataException: There is no data to update.
[Method: POST, Route: login]
in SYSTEMPATH\BaseModel.php on line 1011.
 1 SYSTEMPATH\BaseModel.php(1011): CodeIgniter\Database\Exceptions\DataException::forEmptyDataset('update')
 2 SYSTEMPATH\Model.php(865): CodeIgniter\BaseModel->update([...], [])
 3 APPPATH\Controllers\Auth.php(25): CodeIgniter\Model->update('1', [...])
 4 SYSTEMPATH\CodeIgniter.php(933): App\Controllers\Auth->login()
 5 SYSTEMPATH\CodeIgniter.php(509): CodeIgniter\CodeIgniter->runController(Object(App\Controllers\Auth))
 6 SYSTEMPATH\CodeIgniter.php(355): CodeIgniter\CodeIgniter->handleRequest(null, Object(Config\Cache), false)
 7 SYSTEMPATH\Boot.php(325): CodeIgniter\CodeIgniter->run()
 8 SYSTEMPATH\Boot.php(67): CodeIgniter\Boot::runCodeIgniter(Object(CodeIgniter\CodeIgniter))
 9 FCPATH\index.php(56): CodeIgniter\Boot::bootWeb(Object(Config\Paths))
10 SYSTEMPATH\rewrite.php(44): require_once('C:\\Users\\reuvi\\Desktop\\ts\\public\\index.php')
CRITICAL - 2024-11-08 16:43:22 --> CodeIgniter\Database\Exceptions\DataException: There is no data to update.
[Method: POST, Route: login]
in SYSTEMPATH\BaseModel.php on line 1011.
 1 SYSTEMPATH\BaseModel.php(1011): CodeIgniter\Database\Exceptions\DataException::forEmptyDataset('update')
 2 SYSTEMPATH\Model.php(865): CodeIgniter\BaseModel->update([...], [])
 3 APPPATH\Controllers\Auth.php(23): CodeIgniter\Model->update('1', [...])
 4 SYSTEMPATH\CodeIgniter.php(933): App\Controllers\Auth->login()
 5 SYSTEMPATH\CodeIgniter.php(509): CodeIgniter\CodeIgniter->runController(Object(App\Controllers\Auth))
 6 SYSTEMPATH\CodeIgniter.php(355): CodeIgniter\CodeIgniter->handleRequest(null, Object(Config\Cache), false)
 7 SYSTEMPATH\Boot.php(325): CodeIgniter\CodeIgniter->run()
 8 SYSTEMPATH\Boot.php(67): CodeIgniter\Boot::runCodeIgniter(Object(CodeIgniter\CodeIgniter))
 9 FCPATH\index.php(56): CodeIgniter\Boot::bootWeb(Object(Config\Paths))
10 SYSTEMPATH\rewrite.php(44): require_once('C:\\Users\\reuvi\\Desktop\\ts\\public\\index.php')
CRITICAL - 2024-11-08 16:43:31 --> CodeIgniter\Database\Exceptions\DataException: There is no data to update.
[Method: POST, Route: login]
in SYSTEMPATH\BaseModel.php on line 1011.
 1 SYSTEMPATH\BaseModel.php(1011): CodeIgniter\Database\Exceptions\DataException::forEmptyDataset('update')
 2 SYSTEMPATH\Model.php(865): CodeIgniter\BaseModel->update([...], [])
 3 APPPATH\Controllers\Auth.php(23): CodeIgniter\Model->update('1', [...])
 4 SYSTEMPATH\CodeIgniter.php(933): App\Controllers\Auth->login()
 5 SYSTEMPATH\CodeIgniter.php(509): CodeIgniter\CodeIgniter->runController(Object(App\Controllers\Auth))
 6 SYSTEMPATH\CodeIgniter.php(355): CodeIgniter\CodeIgniter->handleRequest(null, Object(Config\Cache), false)
 7 SYSTEMPATH\Boot.php(325): CodeIgniter\CodeIgniter->run()
 8 SYSTEMPATH\Boot.php(67): CodeIgniter\Boot::runCodeIgniter(Object(CodeIgniter\CodeIgniter))
 9 FCPATH\index.php(56): CodeIgniter\Boot::bootWeb(Object(Config\Paths))
10 SYSTEMPATH\rewrite.php(44): require_once('C:\\Users\\reuvi\\Desktop\\ts\\public\\index.php')
CRITICAL - 2024-11-08 16:44:11 --> CodeIgniter\Database\Exceptions\DataException: There is no data to update.
[Method: POST, Route: login]
in SYSTEMPATH\BaseModel.php on line 1011.
 1 SYSTEMPATH\BaseModel.php(1011): CodeIgniter\Database\Exceptions\DataException::forEmptyDataset('update')
 2 SYSTEMPATH\Model.php(865): CodeIgniter\BaseModel->update([...], [])
 3 APPPATH\Controllers\Auth.php(23): CodeIgniter\Model->update('1', [...])
 4 SYSTEMPATH\CodeIgniter.php(933): App\Controllers\Auth->login()
 5 SYSTEMPATH\CodeIgniter.php(509): CodeIgniter\CodeIgniter->runController(Object(App\Controllers\Auth))
 6 SYSTEMPATH\CodeIgniter.php(355): CodeIgniter\CodeIgniter->handleRequest(null, Object(Config\Cache), false)
 7 SYSTEMPATH\Boot.php(325): CodeIgniter\CodeIgniter->run()
 8 SYSTEMPATH\Boot.php(67): CodeIgniter\Boot::runCodeIgniter(Object(CodeIgniter\CodeIgniter))
 9 FCPATH\index.php(56): CodeIgniter\Boot::bootWeb(Object(Config\Paths))
10 SYSTEMPATH\rewrite.php(44): require_once('C:\\Users\\reuvi\\Desktop\\ts\\public\\index.php')
CRITICAL - 2024-11-08 16:44:45 --> CodeIgniter\Database\Exceptions\DataException: There is no data to update.
[Method: POST, Route: login]
in SYSTEMPATH\BaseModel.php on line 1011.
 1 SYSTEMPATH\BaseModel.php(1011): CodeIgniter\Database\Exceptions\DataException::forEmptyDataset('update')
 2 SYSTEMPATH\Model.php(865): CodeIgniter\BaseModel->update([...], [])
 3 APPPATH\Controllers\Auth.php(36): CodeIgniter\Model->update('reuvin@gmail.com', [...])
 4 SYSTEMPATH\CodeIgniter.php(933): App\Controllers\Auth->login()
 5 SYSTEMPATH\CodeIgniter.php(509): CodeIgniter\CodeIgniter->runController(Object(App\Controllers\Auth))
 6 SYSTEMPATH\CodeIgniter.php(355): CodeIgniter\CodeIgniter->handleRequest(null, Object(Config\Cache), false)
 7 SYSTEMPATH\Boot.php(325): CodeIgniter\CodeIgniter->run()
 8 SYSTEMPATH\Boot.php(67): CodeIgniter\Boot::runCodeIgniter(Object(CodeIgniter\CodeIgniter))
 9 FCPATH\index.php(56): CodeIgniter\Boot::bootWeb(Object(Config\Paths))
10 SYSTEMPATH\rewrite.php(44): require_once('C:\\Users\\reuvi\\Desktop\\ts\\public\\index.php')
