CRITICAL - 2024-10-26 05:46:47 --> Error: Class "Locale" not found
[Method: GET, Route: /]
in SYSTEMPATH\CodeIgniter.php on line 190.
 1 SYSTEMPATH\Boot.php(312): CodeIgniter\CodeIgniter->initialize()
 2 SYSTEMPATH\Boot.php(101): CodeIgniter\Boot::initializeCodeIgniter()
 3 ROOTPATH\spark(84): CodeIgniter\Boot::bootSpark()
CRITICAL - 2024-10-26 05:46:48 --> ErrorException: Uncaught Error: Class "Locale" not found in C:\Users\User\Downloads\updated\Thrift_Store\system\I18n\TimeTrait.php:76
Stack trace:
#0 C:\Users\User\Downloads\updated\Thrift_Store\system\I18n\TimeTrait.php(117): CodeIgniter\I18n\Time->__construct()
#1 C:\Users\User\Downloads\updated\Thrift_Store\system\HTTP\ResponseTrait.php(395): CodeIgniter\I18n\Time::now()
#2 C:\Users\User\Downloads\updated\Thrift_Store\system\HTTP\ResponseTrait.php(373): CodeIgniter\HTTP\Response->sendHeaders()
#3 C:\Users\User\Downloads\updated\Thrift_Store\system\Debug\ExceptionHandler.php(83): CodeIgniter\HTTP\Response->send()
#4 C:\Users\User\Downloads\updated\Thrift_Store\system\Debug\Exceptions.php(163): CodeIgniter\Debug\ExceptionHandler->handle()
#5 [internal function]: CodeIgniter\Debug\Exceptions->exceptionHandler()
#6 {main}
  thrown
【Previous Exception】
Error
Class "Locale" not found
#0 C:\Users\User\Downloads\updated\Thrift_Store\system\Boot.php(312): CodeIgniter\CodeIgniter->initialize()
#1 C:\Users\User\Downloads\updated\Thrift_Store\system\Boot.php(101): CodeIgniter\Boot::initializeCodeIgniter()
#2 C:\Users\User\Downloads\updated\Thrift_Store\spark(84): CodeIgniter\Boot::bootSpark()
#3 {main}
[Method: GET, Route: /]
in SYSTEMPATH\I18n\TimeTrait.php on line 76.
 1 [internal function]: CodeIgniter\Debug\Exceptions->shutdownHandler()
CRITICAL - 2024-10-26 05:59:38 --> Error: Class "Locale" not found
[Method: GET, Route: /]
in SYSTEMPATH\CodeIgniter.php on line 190.
 1 SYSTEMPATH\Boot.php(312): CodeIgniter\CodeIgniter->initialize()
 2 SYSTEMPATH\Boot.php(101): CodeIgniter\Boot::initializeCodeIgniter()
 3 ROOTPATH\spark(84): CodeIgniter\Boot::bootSpark()
CRITICAL - 2024-10-26 05:59:38 --> ErrorException: Uncaught Error: Class "Locale" not found in C:\Users\User\Downloads\updated\Thrift_Store\system\I18n\TimeTrait.php:76
Stack trace:
#0 C:\Users\User\Downloads\updated\Thrift_Store\system\I18n\TimeTrait.php(117): CodeIgniter\I18n\Time->__construct()
#1 C:\Users\User\Downloads\updated\Thrift_Store\system\HTTP\ResponseTrait.php(395): CodeIgniter\I18n\Time::now()
#2 C:\Users\User\Downloads\updated\Thrift_Store\system\HTTP\ResponseTrait.php(373): CodeIgniter\HTTP\Response->sendHeaders()
#3 C:\Users\User\Downloads\updated\Thrift_Store\system\Debug\ExceptionHandler.php(83): CodeIgniter\HTTP\Response->send()
#4 C:\Users\User\Downloads\updated\Thrift_Store\system\Debug\Exceptions.php(163): CodeIgniter\Debug\ExceptionHandler->handle()
#5 [internal function]: CodeIgniter\Debug\Exceptions->exceptionHandler()
#6 {main}
  thrown
【Previous Exception】
Error
Class "Locale" not found
#0 C:\Users\User\Downloads\updated\Thrift_Store\system\Boot.php(312): CodeIgniter\CodeIgniter->initialize()
#1 C:\Users\User\Downloads\updated\Thrift_Store\system\Boot.php(101): CodeIgniter\Boot::initializeCodeIgniter()
#2 C:\Users\User\Downloads\updated\Thrift_Store\spark(84): CodeIgniter\Boot::bootSpark()
#3 {main}
[Method: GET, Route: /]
in SYSTEMPATH\I18n\TimeTrait.php on line 76.
 1 [internal function]: CodeIgniter\Debug\Exceptions->shutdownHandler()
CRITICAL - 2024-10-26 06:08:03 --> Error: Class "Locale" not found
[Method: GET, Route: /]
in SYSTEMPATH\CodeIgniter.php on line 190.
 1 SYSTEMPATH\Boot.php(312): CodeIgniter\CodeIgniter->initialize()
 2 SYSTEMPATH\Boot.php(101): CodeIgniter\Boot::initializeCodeIgniter()
 3 ROOTPATH\spark(84): CodeIgniter\Boot::bootSpark()
CRITICAL - 2024-10-26 06:08:03 --> ErrorException: Uncaught Error: Class "Locale" not found in C:\Users\User\Downloads\updated\Thrift_Store\system\I18n\TimeTrait.php:76
Stack trace:
#0 C:\Users\User\Downloads\updated\Thrift_Store\system\I18n\TimeTrait.php(117): CodeIgniter\I18n\Time->__construct()
#1 C:\Users\User\Downloads\updated\Thrift_Store\system\HTTP\ResponseTrait.php(395): CodeIgniter\I18n\Time::now()
#2 C:\Users\User\Downloads\updated\Thrift_Store\system\HTTP\ResponseTrait.php(373): CodeIgniter\HTTP\Response->sendHeaders()
#3 C:\Users\User\Downloads\updated\Thrift_Store\system\Debug\ExceptionHandler.php(83): CodeIgniter\HTTP\Response->send()
#4 C:\Users\User\Downloads\updated\Thrift_Store\system\Debug\Exceptions.php(163): CodeIgniter\Debug\ExceptionHandler->handle()
#5 [internal function]: CodeIgniter\Debug\Exceptions->exceptionHandler()
#6 {main}
  thrown
【Previous Exception】
Error
Class "Locale" not found
#0 C:\Users\User\Downloads\updated\Thrift_Store\system\Boot.php(312): CodeIgniter\CodeIgniter->initialize()
#1 C:\Users\User\Downloads\updated\Thrift_Store\system\Boot.php(101): CodeIgniter\Boot::initializeCodeIgniter()
#2 C:\Users\User\Downloads\updated\Thrift_Store\spark(84): CodeIgniter\Boot::bootSpark()
#3 {main}
[Method: GET, Route: /]
in SYSTEMPATH\I18n\TimeTrait.php on line 76.
 1 [internal function]: CodeIgniter\Debug\Exceptions->shutdownHandler()
