CRITICAL - 2024-11-13 12:20:31 --> ErrorException: Undefined array key "employee_name"
[Method: GET, Route: products]
in APPPATH\Views\products.php on line 184.
 1 APPPATH\Views\products.php(184): CodeIgniter\Debug\Exceptions->errorHandler(2, 'Undefined array key "employee_name"', 'C:\\Users\\User\\Music\\AJM\\app\\Views\\products.php', 184)
 2 SYSTEMPATH\View\View.php(234): include('C:\\Users\\User\\Music\\AJM\\app\\Views\\products.php')
 3 SYSTEMPATH\View\View.php(237): CodeIgniter\View\View->CodeIgniter\View\{closure}()
 4 SYSTEMPATH\Common.php(1171): CodeIgniter\View\View->render('products', [], true)
 5 APPPATH\Controllers\ProductController.php(16): view('products', [...])
 6 SYSTEMPATH\CodeIgniter.php(933): App\Controllers\ProductController->index()
 7 SYSTEMPATH\CodeIgniter.php(509): CodeIgniter\CodeIgniter->runController(Object(App\Controllers\ProductController))
 8 SYSTEMPATH\CodeIgniter.php(355): CodeIgniter\CodeIgniter->handleRequest(null, Object(Config\Cache), false)
 9 SYSTEMPATH\Boot.php(325): CodeIgniter\CodeIgniter->run()
10 SYSTEMPATH\Boot.php(67): CodeIgniter\Boot::runCodeIgniter(Object(CodeIgniter\CodeIgniter))
11 FCPATH\index.php(56): CodeIgniter\Boot::bootWeb(Object(Config\Paths))
12 SYSTEMPATH\rewrite.php(44): require_once('C:\\Users\\User\\Music\\AJM\\public\\index.php')
CRITICAL - 2024-11-13 12:22:55 --> ErrorException: Undefined array key "employee_name"
[Method: GET, Route: products]
in APPPATH\Views\products.php on line 184.
 1 APPPATH\Views\products.php(184): CodeIgniter\Debug\Exceptions->errorHandler(2, 'Undefined array key "employee_name"', 'C:\\Users\\User\\Music\\AJM\\app\\Views\\products.php', 184)
 2 SYSTEMPATH\View\View.php(234): include('C:\\Users\\User\\Music\\AJM\\app\\Views\\products.php')
 3 SYSTEMPATH\View\View.php(237): CodeIgniter\View\View->CodeIgniter\View\{closure}()
 4 SYSTEMPATH\Common.php(1171): CodeIgniter\View\View->render('products', [], true)
 5 APPPATH\Controllers\ProductController.php(16): view('products', [...])
 6 SYSTEMPATH\CodeIgniter.php(933): App\Controllers\ProductController->index()
 7 SYSTEMPATH\CodeIgniter.php(509): CodeIgniter\CodeIgniter->runController(Object(App\Controllers\ProductController))
 8 SYSTEMPATH\CodeIgniter.php(355): CodeIgniter\CodeIgniter->handleRequest(null, Object(Config\Cache), false)
 9 SYSTEMPATH\Boot.php(325): CodeIgniter\CodeIgniter->run()
10 SYSTEMPATH\Boot.php(67): CodeIgniter\Boot::runCodeIgniter(Object(CodeIgniter\CodeIgniter))
11 FCPATH\index.php(56): CodeIgniter\Boot::bootWeb(Object(Config\Paths))
12 SYSTEMPATH\rewrite.php(44): require_once('C:\\Users\\User\\Music\\AJM\\public\\index.php')
