ERROR - 2024-10-28 04:30:42 --> mysqli_sql_exception: Column 'username' cannot be null in C:\Users\User\Downloads\updated\Thrift_Store\system\Database\MySQLi\Connection.php:312
Stack trace:
#0 C:\Users\User\Downloads\updated\Thrift_Store\system\Database\MySQLi\Connection.php(312): mysqli->query('INSERT INTO `us...', 0)
#1 C:\Users\User\Downloads\updated\Thrift_Store\system\Database\BaseConnection.php(734): CodeIgniter\Database\MySQLi\Connection->execute('INSERT INTO `us...')
#2 C:\Users\User\Downloads\updated\Thrift_Store\system\Database\BaseConnection.php(648): CodeIgniter\Database\BaseConnection->simpleQuery('INSERT INTO `us...')
#3 C:\Users\User\Downloads\updated\Thrift_Store\system\Database\BaseBuilder.php(2340): CodeIgniter\Database\BaseConnection->query('INSERT INTO `us...', Array, false)
#4 C:\Users\User\Downloads\updated\Thrift_Store\system\Model.php(394): CodeIgniter\Database\BaseBuilder->insert()
#5 C:\Users\User\Downloads\updated\Thrift_Store\system\BaseModel.php(840): CodeIgniter\Model->doInsert(Array)
#6 C:\Users\User\Downloads\updated\Thrift_Store\system\Model.php(802): CodeIgniter\BaseModel->insert(Array, false)
#7 C:\Users\User\Downloads\updated\Thrift_Store\system\BaseModel.php(751): CodeIgniter\Model->insert(Array, false)
#8 C:\Users\User\Downloads\updated\Thrift_Store\app\Controllers\FormController.php(61): CodeIgniter\BaseModel->save(Array)
#9 C:\Users\User\Downloads\updated\Thrift_Store\system\CodeIgniter.php(933): App\Controllers\FormController->store()
#10 C:\Users\User\Downloads\updated\Thrift_Store\system\CodeIgniter.php(509): CodeIgniter\CodeIgniter->runController(Object(App\Controllers\FormController))
#11 C:\Users\User\Downloads\updated\Thrift_Store\system\CodeIgniter.php(355): CodeIgniter\CodeIgniter->handleRequest(NULL, Object(Config\Cache), false)
#12 C:\Users\User\Downloads\updated\Thrift_Store\system\Boot.php(325): CodeIgniter\CodeIgniter->run()
#13 C:\Users\User\Downloads\updated\Thrift_Store\system\Boot.php(67): CodeIgniter\Boot::runCodeIgniter(Object(CodeIgniter\CodeIgniter))
#14 C:\Users\User\Downloads\updated\Thrift_Store\public\index.php(56): CodeIgniter\Boot::bootWeb(Object(Config\Paths))
#15 C:\Users\User\Downloads\updated\Thrift_Store\system\rewrite.php(44): require_once('C:\\Users\\User\\D...')
#16 {main}
CRITICAL - 2024-10-28 04:30:42 --> CodeIgniter\Database\Exceptions\DatabaseException: Column 'username' cannot be null
[Method: POST, Route: user]
in SYSTEMPATH\Database\BaseConnection.php on line 688.
 1 SYSTEMPATH\Database\BaseBuilder.php(2340): CodeIgniter\Database\BaseConnection->query('INSERT INTO `users` (`username`, `password`, `department`, `age`, `contact_number`, `gender`, `email`, `address`) VALUES (:username:, :password:, :department:, :age:, :contact_number:, :gender:, :email:, :address:)', [...], false)
 2 SYSTEMPATH\Model.php(394): CodeIgniter\Database\BaseBuilder->insert()
 3 SYSTEMPATH\BaseModel.php(840): CodeIgniter\Model->doInsert([...])
 4 SYSTEMPATH\Model.php(802): CodeIgniter\BaseModel->insert([...], false)
 5 SYSTEMPATH\BaseModel.php(751): CodeIgniter\Model->insert([...], false)
 6 APPPATH\Controllers\FormController.php(61): CodeIgniter\BaseModel->save([...])
 7 SYSTEMPATH\CodeIgniter.php(933): App\Controllers\FormController->store()
 8 SYSTEMPATH\CodeIgniter.php(509): CodeIgniter\CodeIgniter->runController(Object(App\Controllers\FormController))
 9 SYSTEMPATH\CodeIgniter.php(355): CodeIgniter\CodeIgniter->handleRequest(null, Object(Config\Cache), false)
10 SYSTEMPATH\Boot.php(325): CodeIgniter\CodeIgniter->run()
11 SYSTEMPATH\Boot.php(67): CodeIgniter\Boot::runCodeIgniter(Object(CodeIgniter\CodeIgniter))
12 FCPATH\index.php(56): CodeIgniter\Boot::bootWeb(Object(Config\Paths))
13 SYSTEMPATH\rewrite.php(44): require_once('C:\\Users\\User\\Downloads\\updated\\Thrift_Store\\public\\index.php')
CRITICAL - 2024-10-28 04:30:42 --> [Caused by] CodeIgniter\Database\Exceptions\DatabaseException: Column 'username' cannot be null
in SYSTEMPATH\Database\MySQLi\Connection.php on line 317.
 1 SYSTEMPATH\Database\BaseConnection.php(734): CodeIgniter\Database\MySQLi\Connection->execute('INSERT INTO `users` (`username`, `password`, `department`, `age`, `contact_number`, `gender`, `email`, `address`) VALUES (NULL, \'$2y$10$5mymRfa52oNAH7bOSkuRDOtF3nRCH1tBGhpEKOV7QUR2LJk6jOpfu\', NULL, NULL, NULL, NULL, NULL, NULL)')
 2 SYSTEMPATH\Database\BaseConnection.php(648): CodeIgniter\Database\BaseConnection->simpleQuery('INSERT INTO `users` (`username`, `password`, `department`, `age`, `contact_number`, `gender`, `email`, `address`) VALUES (NULL, \'$2y$10$5mymRfa52oNAH7bOSkuRDOtF3nRCH1tBGhpEKOV7QUR2LJk6jOpfu\', NULL, NULL, NULL, NULL, NULL, NULL)')
 3 SYSTEMPATH\Database\BaseBuilder.php(2340): CodeIgniter\Database\BaseConnection->query('INSERT INTO `users` (`username`, `password`, `department`, `age`, `contact_number`, `gender`, `email`, `address`) VALUES (:username:, :password:, :department:, :age:, :contact_number:, :gender:, :email:, :address:)', [...], false)
 4 SYSTEMPATH\Model.php(394): CodeIgniter\Database\BaseBuilder->insert()
 5 SYSTEMPATH\BaseModel.php(840): CodeIgniter\Model->doInsert([...])
 6 SYSTEMPATH\Model.php(802): CodeIgniter\BaseModel->insert([...], false)
 7 SYSTEMPATH\BaseModel.php(751): CodeIgniter\Model->insert([...], false)
 8 APPPATH\Controllers\FormController.php(61): CodeIgniter\BaseModel->save([...])
 9 SYSTEMPATH\CodeIgniter.php(933): App\Controllers\FormController->store()
10 SYSTEMPATH\CodeIgniter.php(509): CodeIgniter\CodeIgniter->runController(Object(App\Controllers\FormController))
11 SYSTEMPATH\CodeIgniter.php(355): CodeIgniter\CodeIgniter->handleRequest(null, Object(Config\Cache), false)
12 SYSTEMPATH\Boot.php(325): CodeIgniter\CodeIgniter->run()
13 SYSTEMPATH\Boot.php(67): CodeIgniter\Boot::runCodeIgniter(Object(CodeIgniter\CodeIgniter))
14 FCPATH\index.php(56): CodeIgniter\Boot::bootWeb(Object(Config\Paths))
15 SYSTEMPATH\rewrite.php(44): require_once('C:\\Users\\User\\Downloads\\updated\\Thrift_Store\\public\\index.php')
CRITICAL - 2024-10-28 04:30:42 --> [Caused by] mysqli_sql_exception: Column 'username' cannot be null
in SYSTEMPATH\Database\MySQLi\Connection.php on line 312.
 1 SYSTEMPATH\Database\MySQLi\Connection.php(312): mysqli->query('INSERT INTO `users` (`username`, `password`, `department`, `age`, `contact_number`, `gender`, `email`, `address`) VALUES (NULL, \'$2y$10$5mymRfa52oNAH7bOSkuRDOtF3nRCH1tBGhpEKOV7QUR2LJk6jOpfu\', NULL, NULL, NULL, NULL, NULL, NULL)', 0)
 2 SYSTEMPATH\Database\BaseConnection.php(734): CodeIgniter\Database\MySQLi\Connection->execute('INSERT INTO `users` (`username`, `password`, `department`, `age`, `contact_number`, `gender`, `email`, `address`) VALUES (NULL, \'$2y$10$5mymRfa52oNAH7bOSkuRDOtF3nRCH1tBGhpEKOV7QUR2LJk6jOpfu\', NULL, NULL, NULL, NULL, NULL, NULL)')
 3 SYSTEMPATH\Database\BaseConnection.php(648): CodeIgniter\Database\BaseConnection->simpleQuery('INSERT INTO `users` (`username`, `password`, `department`, `age`, `contact_number`, `gender`, `email`, `address`) VALUES (NULL, \'$2y$10$5mymRfa52oNAH7bOSkuRDOtF3nRCH1tBGhpEKOV7QUR2LJk6jOpfu\', NULL, NULL, NULL, NULL, NULL, NULL)')
 4 SYSTEMPATH\Database\BaseBuilder.php(2340): CodeIgniter\Database\BaseConnection->query('INSERT INTO `users` (`username`, `password`, `department`, `age`, `contact_number`, `gender`, `email`, `address`) VALUES (:username:, :password:, :department:, :age:, :contact_number:, :gender:, :email:, :address:)', [...], false)
 5 SYSTEMPATH\Model.php(394): CodeIgniter\Database\BaseBuilder->insert()
 6 SYSTEMPATH\BaseModel.php(840): CodeIgniter\Model->doInsert([...])
 7 SYSTEMPATH\Model.php(802): CodeIgniter\BaseModel->insert([...], false)
 8 SYSTEMPATH\BaseModel.php(751): CodeIgniter\Model->insert([...], false)
 9 APPPATH\Controllers\FormController.php(61): CodeIgniter\BaseModel->save([...])
10 SYSTEMPATH\CodeIgniter.php(933): App\Controllers\FormController->store()
11 SYSTEMPATH\CodeIgniter.php(509): CodeIgniter\CodeIgniter->runController(Object(App\Controllers\FormController))
12 SYSTEMPATH\CodeIgniter.php(355): CodeIgniter\CodeIgniter->handleRequest(null, Object(Config\Cache), false)
13 SYSTEMPATH\Boot.php(325): CodeIgniter\CodeIgniter->run()
14 SYSTEMPATH\Boot.php(67): CodeIgniter\Boot::runCodeIgniter(Object(CodeIgniter\CodeIgniter))
15 FCPATH\index.php(56): CodeIgniter\Boot::bootWeb(Object(Config\Paths))
16 SYSTEMPATH\rewrite.php(44): require_once('C:\\Users\\User\\Downloads\\updated\\Thrift_Store\\public\\index.php')
ERROR - 2024-10-28 04:31:01 --> mysqli_sql_exception: Column 'username' cannot be null in C:\Users\User\Downloads\updated\Thrift_Store\system\Database\MySQLi\Connection.php:312
Stack trace:
#0 C:\Users\User\Downloads\updated\Thrift_Store\system\Database\MySQLi\Connection.php(312): mysqli->query('INSERT INTO `us...', 0)
#1 C:\Users\User\Downloads\updated\Thrift_Store\system\Database\BaseConnection.php(734): CodeIgniter\Database\MySQLi\Connection->execute('INSERT INTO `us...')
#2 C:\Users\User\Downloads\updated\Thrift_Store\system\Database\BaseConnection.php(648): CodeIgniter\Database\BaseConnection->simpleQuery('INSERT INTO `us...')
#3 C:\Users\User\Downloads\updated\Thrift_Store\system\Database\BaseBuilder.php(2340): CodeIgniter\Database\BaseConnection->query('INSERT INTO `us...', Array, false)
#4 C:\Users\User\Downloads\updated\Thrift_Store\system\Model.php(394): CodeIgniter\Database\BaseBuilder->insert()
#5 C:\Users\User\Downloads\updated\Thrift_Store\system\BaseModel.php(840): CodeIgniter\Model->doInsert(Array)
#6 C:\Users\User\Downloads\updated\Thrift_Store\system\Model.php(802): CodeIgniter\BaseModel->insert(Array, false)
#7 C:\Users\User\Downloads\updated\Thrift_Store\system\BaseModel.php(751): CodeIgniter\Model->insert(Array, false)
#8 C:\Users\User\Downloads\updated\Thrift_Store\app\Controllers\FormController.php(61): CodeIgniter\BaseModel->save(Array)
#9 C:\Users\User\Downloads\updated\Thrift_Store\system\CodeIgniter.php(933): App\Controllers\FormController->store()
#10 C:\Users\User\Downloads\updated\Thrift_Store\system\CodeIgniter.php(509): CodeIgniter\CodeIgniter->runController(Object(App\Controllers\FormController))
#11 C:\Users\User\Downloads\updated\Thrift_Store\system\CodeIgniter.php(355): CodeIgniter\CodeIgniter->handleRequest(NULL, Object(Config\Cache), false)
#12 C:\Users\User\Downloads\updated\Thrift_Store\system\Boot.php(325): CodeIgniter\CodeIgniter->run()
#13 C:\Users\User\Downloads\updated\Thrift_Store\system\Boot.php(67): CodeIgniter\Boot::runCodeIgniter(Object(CodeIgniter\CodeIgniter))
#14 C:\Users\User\Downloads\updated\Thrift_Store\public\index.php(56): CodeIgniter\Boot::bootWeb(Object(Config\Paths))
#15 C:\Users\User\Downloads\updated\Thrift_Store\system\rewrite.php(44): require_once('C:\\Users\\User\\D...')
#16 {main}
CRITICAL - 2024-10-28 04:31:01 --> CodeIgniter\Database\Exceptions\DatabaseException: Column 'username' cannot be null
[Method: POST, Route: user]
in SYSTEMPATH\Database\BaseConnection.php on line 688.
 1 SYSTEMPATH\Database\BaseBuilder.php(2340): CodeIgniter\Database\BaseConnection->query('INSERT INTO `users` (`username`, `password`, `department`, `age`, `contact_number`, `gender`, `email`, `address`) VALUES (:username:, :password:, :department:, :age:, :contact_number:, :gender:, :email:, :address:)', [...], false)
 2 SYSTEMPATH\Model.php(394): CodeIgniter\Database\BaseBuilder->insert()
 3 SYSTEMPATH\BaseModel.php(840): CodeIgniter\Model->doInsert([...])
 4 SYSTEMPATH\Model.php(802): CodeIgniter\BaseModel->insert([...], false)
 5 SYSTEMPATH\BaseModel.php(751): CodeIgniter\Model->insert([...], false)
 6 APPPATH\Controllers\FormController.php(61): CodeIgniter\BaseModel->save([...])
 7 SYSTEMPATH\CodeIgniter.php(933): App\Controllers\FormController->store()
 8 SYSTEMPATH\CodeIgniter.php(509): CodeIgniter\CodeIgniter->runController(Object(App\Controllers\FormController))
 9 SYSTEMPATH\CodeIgniter.php(355): CodeIgniter\CodeIgniter->handleRequest(null, Object(Config\Cache), false)
10 SYSTEMPATH\Boot.php(325): CodeIgniter\CodeIgniter->run()
11 SYSTEMPATH\Boot.php(67): CodeIgniter\Boot::runCodeIgniter(Object(CodeIgniter\CodeIgniter))
12 FCPATH\index.php(56): CodeIgniter\Boot::bootWeb(Object(Config\Paths))
13 SYSTEMPATH\rewrite.php(44): require_once('C:\\Users\\User\\Downloads\\updated\\Thrift_Store\\public\\index.php')
CRITICAL - 2024-10-28 04:31:01 --> [Caused by] CodeIgniter\Database\Exceptions\DatabaseException: Column 'username' cannot be null
in SYSTEMPATH\Database\MySQLi\Connection.php on line 317.
 1 SYSTEMPATH\Database\BaseConnection.php(734): CodeIgniter\Database\MySQLi\Connection->execute('INSERT INTO `users` (`username`, `password`, `department`, `age`, `contact_number`, `gender`, `email`, `address`) VALUES (NULL, \'$2y$10$41YLLZs7QXK7fW6Deg/3/egKD11gvwFT/.QdrAeO8lxNJ6sGyjUNa\', NULL, NULL, NULL, NULL, NULL, NULL)')
 2 SYSTEMPATH\Database\BaseConnection.php(648): CodeIgniter\Database\BaseConnection->simpleQuery('INSERT INTO `users` (`username`, `password`, `department`, `age`, `contact_number`, `gender`, `email`, `address`) VALUES (NULL, \'$2y$10$41YLLZs7QXK7fW6Deg/3/egKD11gvwFT/.QdrAeO8lxNJ6sGyjUNa\', NULL, NULL, NULL, NULL, NULL, NULL)')
 3 SYSTEMPATH\Database\BaseBuilder.php(2340): CodeIgniter\Database\BaseConnection->query('INSERT INTO `users` (`username`, `password`, `department`, `age`, `contact_number`, `gender`, `email`, `address`) VALUES (:username:, :password:, :department:, :age:, :contact_number:, :gender:, :email:, :address:)', [...], false)
 4 SYSTEMPATH\Model.php(394): CodeIgniter\Database\BaseBuilder->insert()
 5 SYSTEMPATH\BaseModel.php(840): CodeIgniter\Model->doInsert([...])
 6 SYSTEMPATH\Model.php(802): CodeIgniter\BaseModel->insert([...], false)
 7 SYSTEMPATH\BaseModel.php(751): CodeIgniter\Model->insert([...], false)
 8 APPPATH\Controllers\FormController.php(61): CodeIgniter\BaseModel->save([...])
 9 SYSTEMPATH\CodeIgniter.php(933): App\Controllers\FormController->store()
10 SYSTEMPATH\CodeIgniter.php(509): CodeIgniter\CodeIgniter->runController(Object(App\Controllers\FormController))
11 SYSTEMPATH\CodeIgniter.php(355): CodeIgniter\CodeIgniter->handleRequest(null, Object(Config\Cache), false)
12 SYSTEMPATH\Boot.php(325): CodeIgniter\CodeIgniter->run()
13 SYSTEMPATH\Boot.php(67): CodeIgniter\Boot::runCodeIgniter(Object(CodeIgniter\CodeIgniter))
14 FCPATH\index.php(56): CodeIgniter\Boot::bootWeb(Object(Config\Paths))
15 SYSTEMPATH\rewrite.php(44): require_once('C:\\Users\\User\\Downloads\\updated\\Thrift_Store\\public\\index.php')
CRITICAL - 2024-10-28 04:31:01 --> [Caused by] mysqli_sql_exception: Column 'username' cannot be null
in SYSTEMPATH\Database\MySQLi\Connection.php on line 312.
 1 SYSTEMPATH\Database\MySQLi\Connection.php(312): mysqli->query('INSERT INTO `users` (`username`, `password`, `department`, `age`, `contact_number`, `gender`, `email`, `address`) VALUES (NULL, \'$2y$10$41YLLZs7QXK7fW6Deg/3/egKD11gvwFT/.QdrAeO8lxNJ6sGyjUNa\', NULL, NULL, NULL, NULL, NULL, NULL)', 0)
 2 SYSTEMPATH\Database\BaseConnection.php(734): CodeIgniter\Database\MySQLi\Connection->execute('INSERT INTO `users` (`username`, `password`, `department`, `age`, `contact_number`, `gender`, `email`, `address`) VALUES (NULL, \'$2y$10$41YLLZs7QXK7fW6Deg/3/egKD11gvwFT/.QdrAeO8lxNJ6sGyjUNa\', NULL, NULL, NULL, NULL, NULL, NULL)')
 3 SYSTEMPATH\Database\BaseConnection.php(648): CodeIgniter\Database\BaseConnection->simpleQuery('INSERT INTO `users` (`username`, `password`, `department`, `age`, `contact_number`, `gender`, `email`, `address`) VALUES (NULL, \'$2y$10$41YLLZs7QXK7fW6Deg/3/egKD11gvwFT/.QdrAeO8lxNJ6sGyjUNa\', NULL, NULL, NULL, NULL, NULL, NULL)')
 4 SYSTEMPATH\Database\BaseBuilder.php(2340): CodeIgniter\Database\BaseConnection->query('INSERT INTO `users` (`username`, `password`, `department`, `age`, `contact_number`, `gender`, `email`, `address`) VALUES (:username:, :password:, :department:, :age:, :contact_number:, :gender:, :email:, :address:)', [...], false)
 5 SYSTEMPATH\Model.php(394): CodeIgniter\Database\BaseBuilder->insert()
 6 SYSTEMPATH\BaseModel.php(840): CodeIgniter\Model->doInsert([...])
 7 SYSTEMPATH\Model.php(802): CodeIgniter\BaseModel->insert([...], false)
 8 SYSTEMPATH\BaseModel.php(751): CodeIgniter\Model->insert([...], false)
 9 APPPATH\Controllers\FormController.php(61): CodeIgniter\BaseModel->save([...])
10 SYSTEMPATH\CodeIgniter.php(933): App\Controllers\FormController->store()
11 SYSTEMPATH\CodeIgniter.php(509): CodeIgniter\CodeIgniter->runController(Object(App\Controllers\FormController))
12 SYSTEMPATH\CodeIgniter.php(355): CodeIgniter\CodeIgniter->handleRequest(null, Object(Config\Cache), false)
13 SYSTEMPATH\Boot.php(325): CodeIgniter\CodeIgniter->run()
14 SYSTEMPATH\Boot.php(67): CodeIgniter\Boot::runCodeIgniter(Object(CodeIgniter\CodeIgniter))
15 FCPATH\index.php(56): CodeIgniter\Boot::bootWeb(Object(Config\Paths))
16 SYSTEMPATH\rewrite.php(44): require_once('C:\\Users\\User\\Downloads\\updated\\Thrift_Store\\public\\index.php')
ERROR - 2024-10-28 04:31:51 --> mysqli_sql_exception: Column 'username' cannot be null in C:\Users\User\Downloads\updated\Thrift_Store\system\Database\MySQLi\Connection.php:312
Stack trace:
#0 C:\Users\User\Downloads\updated\Thrift_Store\system\Database\MySQLi\Connection.php(312): mysqli->query('INSERT INTO `us...', 0)
#1 C:\Users\User\Downloads\updated\Thrift_Store\system\Database\BaseConnection.php(734): CodeIgniter\Database\MySQLi\Connection->execute('INSERT INTO `us...')
#2 C:\Users\User\Downloads\updated\Thrift_Store\system\Database\BaseConnection.php(648): CodeIgniter\Database\BaseConnection->simpleQuery('INSERT INTO `us...')
#3 C:\Users\User\Downloads\updated\Thrift_Store\system\Database\BaseBuilder.php(2340): CodeIgniter\Database\BaseConnection->query('INSERT INTO `us...', Array, false)
#4 C:\Users\User\Downloads\updated\Thrift_Store\system\Model.php(394): CodeIgniter\Database\BaseBuilder->insert()
#5 C:\Users\User\Downloads\updated\Thrift_Store\system\BaseModel.php(840): CodeIgniter\Model->doInsert(Array)
#6 C:\Users\User\Downloads\updated\Thrift_Store\system\Model.php(802): CodeIgniter\BaseModel->insert(Array, false)
#7 C:\Users\User\Downloads\updated\Thrift_Store\system\BaseModel.php(751): CodeIgniter\Model->insert(Array, false)
#8 C:\Users\User\Downloads\updated\Thrift_Store\app\Controllers\FormController.php(61): CodeIgniter\BaseModel->save(Array)
#9 C:\Users\User\Downloads\updated\Thrift_Store\system\CodeIgniter.php(933): App\Controllers\FormController->store()
#10 C:\Users\User\Downloads\updated\Thrift_Store\system\CodeIgniter.php(509): CodeIgniter\CodeIgniter->runController(Object(App\Controllers\FormController))
#11 C:\Users\User\Downloads\updated\Thrift_Store\system\CodeIgniter.php(355): CodeIgniter\CodeIgniter->handleRequest(NULL, Object(Config\Cache), false)
#12 C:\Users\User\Downloads\updated\Thrift_Store\system\Boot.php(325): CodeIgniter\CodeIgniter->run()
#13 C:\Users\User\Downloads\updated\Thrift_Store\system\Boot.php(67): CodeIgniter\Boot::runCodeIgniter(Object(CodeIgniter\CodeIgniter))
#14 C:\Users\User\Downloads\updated\Thrift_Store\public\index.php(56): CodeIgniter\Boot::bootWeb(Object(Config\Paths))
#15 C:\Users\User\Downloads\updated\Thrift_Store\system\rewrite.php(44): require_once('C:\\Users\\User\\D...')
#16 {main}
CRITICAL - 2024-10-28 04:31:51 --> CodeIgniter\Database\Exceptions\DatabaseException: Column 'username' cannot be null
[Method: POST, Route: user]
in SYSTEMPATH\Database\BaseConnection.php on line 688.
 1 SYSTEMPATH\Database\BaseBuilder.php(2340): CodeIgniter\Database\BaseConnection->query('INSERT INTO `users` (`username`, `password`, `department`, `age`, `contact_number`, `gender`, `email`, `address`) VALUES (:username:, :password:, :department:, :age:, :contact_number:, :gender:, :email:, :address:)', [...], false)
 2 SYSTEMPATH\Model.php(394): CodeIgniter\Database\BaseBuilder->insert()
 3 SYSTEMPATH\BaseModel.php(840): CodeIgniter\Model->doInsert([...])
 4 SYSTEMPATH\Model.php(802): CodeIgniter\BaseModel->insert([...], false)
 5 SYSTEMPATH\BaseModel.php(751): CodeIgniter\Model->insert([...], false)
 6 APPPATH\Controllers\FormController.php(61): CodeIgniter\BaseModel->save([...])
 7 SYSTEMPATH\CodeIgniter.php(933): App\Controllers\FormController->store()
 8 SYSTEMPATH\CodeIgniter.php(509): CodeIgniter\CodeIgniter->runController(Object(App\Controllers\FormController))
 9 SYSTEMPATH\CodeIgniter.php(355): CodeIgniter\CodeIgniter->handleRequest(null, Object(Config\Cache), false)
10 SYSTEMPATH\Boot.php(325): CodeIgniter\CodeIgniter->run()
11 SYSTEMPATH\Boot.php(67): CodeIgniter\Boot::runCodeIgniter(Object(CodeIgniter\CodeIgniter))
12 FCPATH\index.php(56): CodeIgniter\Boot::bootWeb(Object(Config\Paths))
13 SYSTEMPATH\rewrite.php(44): require_once('C:\\Users\\User\\Downloads\\updated\\Thrift_Store\\public\\index.php')
CRITICAL - 2024-10-28 04:31:51 --> [Caused by] CodeIgniter\Database\Exceptions\DatabaseException: Column 'username' cannot be null
in SYSTEMPATH\Database\MySQLi\Connection.php on line 317.
 1 SYSTEMPATH\Database\BaseConnection.php(734): CodeIgniter\Database\MySQLi\Connection->execute('INSERT INTO `users` (`username`, `password`, `department`, `age`, `contact_number`, `gender`, `email`, `address`) VALUES (NULL, \'$2y$10$N2fXzBHAk94moeb5W1ILl.1mKRN3cN3e25iVA.Nzh6otL5xTvuVme\', NULL, NULL, NULL, NULL, NULL, NULL)')
 2 SYSTEMPATH\Database\BaseConnection.php(648): CodeIgniter\Database\BaseConnection->simpleQuery('INSERT INTO `users` (`username`, `password`, `department`, `age`, `contact_number`, `gender`, `email`, `address`) VALUES (NULL, \'$2y$10$N2fXzBHAk94moeb5W1ILl.1mKRN3cN3e25iVA.Nzh6otL5xTvuVme\', NULL, NULL, NULL, NULL, NULL, NULL)')
 3 SYSTEMPATH\Database\BaseBuilder.php(2340): CodeIgniter\Database\BaseConnection->query('INSERT INTO `users` (`username`, `password`, `department`, `age`, `contact_number`, `gender`, `email`, `address`) VALUES (:username:, :password:, :department:, :age:, :contact_number:, :gender:, :email:, :address:)', [...], false)
 4 SYSTEMPATH\Model.php(394): CodeIgniter\Database\BaseBuilder->insert()
 5 SYSTEMPATH\BaseModel.php(840): CodeIgniter\Model->doInsert([...])
 6 SYSTEMPATH\Model.php(802): CodeIgniter\BaseModel->insert([...], false)
 7 SYSTEMPATH\BaseModel.php(751): CodeIgniter\Model->insert([...], false)
 8 APPPATH\Controllers\FormController.php(61): CodeIgniter\BaseModel->save([...])
 9 SYSTEMPATH\CodeIgniter.php(933): App\Controllers\FormController->store()
10 SYSTEMPATH\CodeIgniter.php(509): CodeIgniter\CodeIgniter->runController(Object(App\Controllers\FormController))
11 SYSTEMPATH\CodeIgniter.php(355): CodeIgniter\CodeIgniter->handleRequest(null, Object(Config\Cache), false)
12 SYSTEMPATH\Boot.php(325): CodeIgniter\CodeIgniter->run()
13 SYSTEMPATH\Boot.php(67): CodeIgniter\Boot::runCodeIgniter(Object(CodeIgniter\CodeIgniter))
14 FCPATH\index.php(56): CodeIgniter\Boot::bootWeb(Object(Config\Paths))
15 SYSTEMPATH\rewrite.php(44): require_once('C:\\Users\\User\\Downloads\\updated\\Thrift_Store\\public\\index.php')
CRITICAL - 2024-10-28 04:31:51 --> [Caused by] mysqli_sql_exception: Column 'username' cannot be null
in SYSTEMPATH\Database\MySQLi\Connection.php on line 312.
 1 SYSTEMPATH\Database\MySQLi\Connection.php(312): mysqli->query('INSERT INTO `users` (`username`, `password`, `department`, `age`, `contact_number`, `gender`, `email`, `address`) VALUES (NULL, \'$2y$10$N2fXzBHAk94moeb5W1ILl.1mKRN3cN3e25iVA.Nzh6otL5xTvuVme\', NULL, NULL, NULL, NULL, NULL, NULL)', 0)
 2 SYSTEMPATH\Database\BaseConnection.php(734): CodeIgniter\Database\MySQLi\Connection->execute('INSERT INTO `users` (`username`, `password`, `department`, `age`, `contact_number`, `gender`, `email`, `address`) VALUES (NULL, \'$2y$10$N2fXzBHAk94moeb5W1ILl.1mKRN3cN3e25iVA.Nzh6otL5xTvuVme\', NULL, NULL, NULL, NULL, NULL, NULL)')
 3 SYSTEMPATH\Database\BaseConnection.php(648): CodeIgniter\Database\BaseConnection->simpleQuery('INSERT INTO `users` (`username`, `password`, `department`, `age`, `contact_number`, `gender`, `email`, `address`) VALUES (NULL, \'$2y$10$N2fXzBHAk94moeb5W1ILl.1mKRN3cN3e25iVA.Nzh6otL5xTvuVme\', NULL, NULL, NULL, NULL, NULL, NULL)')
 4 SYSTEMPATH\Database\BaseBuilder.php(2340): CodeIgniter\Database\BaseConnection->query('INSERT INTO `users` (`username`, `password`, `department`, `age`, `contact_number`, `gender`, `email`, `address`) VALUES (:username:, :password:, :department:, :age:, :contact_number:, :gender:, :email:, :address:)', [...], false)
 5 SYSTEMPATH\Model.php(394): CodeIgniter\Database\BaseBuilder->insert()
 6 SYSTEMPATH\BaseModel.php(840): CodeIgniter\Model->doInsert([...])
 7 SYSTEMPATH\Model.php(802): CodeIgniter\BaseModel->insert([...], false)
 8 SYSTEMPATH\BaseModel.php(751): CodeIgniter\Model->insert([...], false)
 9 APPPATH\Controllers\FormController.php(61): CodeIgniter\BaseModel->save([...])
10 SYSTEMPATH\CodeIgniter.php(933): App\Controllers\FormController->store()
11 SYSTEMPATH\CodeIgniter.php(509): CodeIgniter\CodeIgniter->runController(Object(App\Controllers\FormController))
12 SYSTEMPATH\CodeIgniter.php(355): CodeIgniter\CodeIgniter->handleRequest(null, Object(Config\Cache), false)
13 SYSTEMPATH\Boot.php(325): CodeIgniter\CodeIgniter->run()
14 SYSTEMPATH\Boot.php(67): CodeIgniter\Boot::runCodeIgniter(Object(CodeIgniter\CodeIgniter))
15 FCPATH\index.php(56): CodeIgniter\Boot::bootWeb(Object(Config\Paths))
16 SYSTEMPATH\rewrite.php(44): require_once('C:\\Users\\User\\Downloads\\updated\\Thrift_Store\\public\\index.php')
ERROR - 2024-10-28 04:32:07 --> mysqli_sql_exception: Column 'username' cannot be null in C:\Users\User\Downloads\updated\Thrift_Store\system\Database\MySQLi\Connection.php:312
Stack trace:
#0 C:\Users\User\Downloads\updated\Thrift_Store\system\Database\MySQLi\Connection.php(312): mysqli->query('INSERT INTO `us...', 0)
#1 C:\Users\User\Downloads\updated\Thrift_Store\system\Database\BaseConnection.php(734): CodeIgniter\Database\MySQLi\Connection->execute('INSERT INTO `us...')
#2 C:\Users\User\Downloads\updated\Thrift_Store\system\Database\BaseConnection.php(648): CodeIgniter\Database\BaseConnection->simpleQuery('INSERT INTO `us...')
#3 C:\Users\User\Downloads\updated\Thrift_Store\system\Database\BaseBuilder.php(2340): CodeIgniter\Database\BaseConnection->query('INSERT INTO `us...', Array, false)
#4 C:\Users\User\Downloads\updated\Thrift_Store\system\Model.php(394): CodeIgniter\Database\BaseBuilder->insert()
#5 C:\Users\User\Downloads\updated\Thrift_Store\system\BaseModel.php(840): CodeIgniter\Model->doInsert(Array)
#6 C:\Users\User\Downloads\updated\Thrift_Store\system\Model.php(802): CodeIgniter\BaseModel->insert(Array, false)
#7 C:\Users\User\Downloads\updated\Thrift_Store\system\BaseModel.php(751): CodeIgniter\Model->insert(Array, false)
#8 C:\Users\User\Downloads\updated\Thrift_Store\app\Controllers\FormController.php(61): CodeIgniter\BaseModel->save(Array)
#9 C:\Users\User\Downloads\updated\Thrift_Store\system\CodeIgniter.php(933): App\Controllers\FormController->store()
#10 C:\Users\User\Downloads\updated\Thrift_Store\system\CodeIgniter.php(509): CodeIgniter\CodeIgniter->runController(Object(App\Controllers\FormController))
#11 C:\Users\User\Downloads\updated\Thrift_Store\system\CodeIgniter.php(355): CodeIgniter\CodeIgniter->handleRequest(NULL, Object(Config\Cache), false)
#12 C:\Users\User\Downloads\updated\Thrift_Store\system\Boot.php(325): CodeIgniter\CodeIgniter->run()
#13 C:\Users\User\Downloads\updated\Thrift_Store\system\Boot.php(67): CodeIgniter\Boot::runCodeIgniter(Object(CodeIgniter\CodeIgniter))
#14 C:\Users\User\Downloads\updated\Thrift_Store\public\index.php(56): CodeIgniter\Boot::bootWeb(Object(Config\Paths))
#15 C:\Users\User\Downloads\updated\Thrift_Store\system\rewrite.php(44): require_once('C:\\Users\\User\\D...')
#16 {main}
CRITICAL - 2024-10-28 04:32:07 --> CodeIgniter\Database\Exceptions\DatabaseException: Column 'username' cannot be null
[Method: POST, Route: user]
in SYSTEMPATH\Database\BaseConnection.php on line 688.
 1 SYSTEMPATH\Database\BaseBuilder.php(2340): CodeIgniter\Database\BaseConnection->query('INSERT INTO `users` (`username`, `password`, `department`, `age`, `contact_number`, `gender`, `email`, `address`) VALUES (:username:, :password:, :department:, :age:, :contact_number:, :gender:, :email:, :address:)', [...], false)
 2 SYSTEMPATH\Model.php(394): CodeIgniter\Database\BaseBuilder->insert()
 3 SYSTEMPATH\BaseModel.php(840): CodeIgniter\Model->doInsert([...])
 4 SYSTEMPATH\Model.php(802): CodeIgniter\BaseModel->insert([...], false)
 5 SYSTEMPATH\BaseModel.php(751): CodeIgniter\Model->insert([...], false)
 6 APPPATH\Controllers\FormController.php(61): CodeIgniter\BaseModel->save([...])
 7 SYSTEMPATH\CodeIgniter.php(933): App\Controllers\FormController->store()
 8 SYSTEMPATH\CodeIgniter.php(509): CodeIgniter\CodeIgniter->runController(Object(App\Controllers\FormController))
 9 SYSTEMPATH\CodeIgniter.php(355): CodeIgniter\CodeIgniter->handleRequest(null, Object(Config\Cache), false)
10 SYSTEMPATH\Boot.php(325): CodeIgniter\CodeIgniter->run()
11 SYSTEMPATH\Boot.php(67): CodeIgniter\Boot::runCodeIgniter(Object(CodeIgniter\CodeIgniter))
12 FCPATH\index.php(56): CodeIgniter\Boot::bootWeb(Object(Config\Paths))
13 SYSTEMPATH\rewrite.php(44): require_once('C:\\Users\\User\\Downloads\\updated\\Thrift_Store\\public\\index.php')
CRITICAL - 2024-10-28 04:32:07 --> [Caused by] CodeIgniter\Database\Exceptions\DatabaseException: Column 'username' cannot be null
in SYSTEMPATH\Database\MySQLi\Connection.php on line 317.
 1 SYSTEMPATH\Database\BaseConnection.php(734): CodeIgniter\Database\MySQLi\Connection->execute('INSERT INTO `users` (`username`, `password`, `department`, `age`, `contact_number`, `gender`, `email`, `address`) VALUES (NULL, \'$2y$10$3qr2C/YRe12FwBXxIhTY3u.e1c3V4bLetEDe0TrHXX21nih3yAO2i\', NULL, NULL, NULL, NULL, NULL, NULL)')
 2 SYSTEMPATH\Database\BaseConnection.php(648): CodeIgniter\Database\BaseConnection->simpleQuery('INSERT INTO `users` (`username`, `password`, `department`, `age`, `contact_number`, `gender`, `email`, `address`) VALUES (NULL, \'$2y$10$3qr2C/YRe12FwBXxIhTY3u.e1c3V4bLetEDe0TrHXX21nih3yAO2i\', NULL, NULL, NULL, NULL, NULL, NULL)')
 3 SYSTEMPATH\Database\BaseBuilder.php(2340): CodeIgniter\Database\BaseConnection->query('INSERT INTO `users` (`username`, `password`, `department`, `age`, `contact_number`, `gender`, `email`, `address`) VALUES (:username:, :password:, :department:, :age:, :contact_number:, :gender:, :email:, :address:)', [...], false)
 4 SYSTEMPATH\Model.php(394): CodeIgniter\Database\BaseBuilder->insert()
 5 SYSTEMPATH\BaseModel.php(840): CodeIgniter\Model->doInsert([...])
 6 SYSTEMPATH\Model.php(802): CodeIgniter\BaseModel->insert([...], false)
 7 SYSTEMPATH\BaseModel.php(751): CodeIgniter\Model->insert([...], false)
 8 APPPATH\Controllers\FormController.php(61): CodeIgniter\BaseModel->save([...])
 9 SYSTEMPATH\CodeIgniter.php(933): App\Controllers\FormController->store()
10 SYSTEMPATH\CodeIgniter.php(509): CodeIgniter\CodeIgniter->runController(Object(App\Controllers\FormController))
11 SYSTEMPATH\CodeIgniter.php(355): CodeIgniter\CodeIgniter->handleRequest(null, Object(Config\Cache), false)
12 SYSTEMPATH\Boot.php(325): CodeIgniter\CodeIgniter->run()
13 SYSTEMPATH\Boot.php(67): CodeIgniter\Boot::runCodeIgniter(Object(CodeIgniter\CodeIgniter))
14 FCPATH\index.php(56): CodeIgniter\Boot::bootWeb(Object(Config\Paths))
15 SYSTEMPATH\rewrite.php(44): require_once('C:\\Users\\User\\Downloads\\updated\\Thrift_Store\\public\\index.php')
CRITICAL - 2024-10-28 04:32:07 --> [Caused by] mysqli_sql_exception: Column 'username' cannot be null
in SYSTEMPATH\Database\MySQLi\Connection.php on line 312.
 1 SYSTEMPATH\Database\MySQLi\Connection.php(312): mysqli->query('INSERT INTO `users` (`username`, `password`, `department`, `age`, `contact_number`, `gender`, `email`, `address`) VALUES (NULL, \'$2y$10$3qr2C/YRe12FwBXxIhTY3u.e1c3V4bLetEDe0TrHXX21nih3yAO2i\', NULL, NULL, NULL, NULL, NULL, NULL)', 0)
 2 SYSTEMPATH\Database\BaseConnection.php(734): CodeIgniter\Database\MySQLi\Connection->execute('INSERT INTO `users` (`username`, `password`, `department`, `age`, `contact_number`, `gender`, `email`, `address`) VALUES (NULL, \'$2y$10$3qr2C/YRe12FwBXxIhTY3u.e1c3V4bLetEDe0TrHXX21nih3yAO2i\', NULL, NULL, NULL, NULL, NULL, NULL)')
 3 SYSTEMPATH\Database\BaseConnection.php(648): CodeIgniter\Database\BaseConnection->simpleQuery('INSERT INTO `users` (`username`, `password`, `department`, `age`, `contact_number`, `gender`, `email`, `address`) VALUES (NULL, \'$2y$10$3qr2C/YRe12FwBXxIhTY3u.e1c3V4bLetEDe0TrHXX21nih3yAO2i\', NULL, NULL, NULL, NULL, NULL, NULL)')
 4 SYSTEMPATH\Database\BaseBuilder.php(2340): CodeIgniter\Database\BaseConnection->query('INSERT INTO `users` (`username`, `password`, `department`, `age`, `contact_number`, `gender`, `email`, `address`) VALUES (:username:, :password:, :department:, :age:, :contact_number:, :gender:, :email:, :address:)', [...], false)
 5 SYSTEMPATH\Model.php(394): CodeIgniter\Database\BaseBuilder->insert()
 6 SYSTEMPATH\BaseModel.php(840): CodeIgniter\Model->doInsert([...])
 7 SYSTEMPATH\Model.php(802): CodeIgniter\BaseModel->insert([...], false)
 8 SYSTEMPATH\BaseModel.php(751): CodeIgniter\Model->insert([...], false)
 9 APPPATH\Controllers\FormController.php(61): CodeIgniter\BaseModel->save([...])
10 SYSTEMPATH\CodeIgniter.php(933): App\Controllers\FormController->store()
11 SYSTEMPATH\CodeIgniter.php(509): CodeIgniter\CodeIgniter->runController(Object(App\Controllers\FormController))
12 SYSTEMPATH\CodeIgniter.php(355): CodeIgniter\CodeIgniter->handleRequest(null, Object(Config\Cache), false)
13 SYSTEMPATH\Boot.php(325): CodeIgniter\CodeIgniter->run()
14 SYSTEMPATH\Boot.php(67): CodeIgniter\Boot::runCodeIgniter(Object(CodeIgniter\CodeIgniter))
15 FCPATH\index.php(56): CodeIgniter\Boot::bootWeb(Object(Config\Paths))
16 SYSTEMPATH\rewrite.php(44): require_once('C:\\Users\\User\\Downloads\\updated\\Thrift_Store\\public\\index.php')
